2016-12-05 22:10:42,581 - master.Node_ - DEBUG - Creating instances of <class 'master.Client'> using 'process'
2016-12-05 22:10:42,590 - master.Client - DEBUG - Delayed start.
2016-12-05 22:10:42,604 - master.Node_ - DEBUG - 1 instances of <class 'master.Client'> created.
2016-12-05 22:10:42,604 - master.Node_ - DEBUG - Creating instances of <class 'coord.Coord'> using 'process'
2016-12-05 22:10:42,617 - coord.Coord - DEBUG - Delayed start.
2016-12-05 22:10:42,649 - coord.Coord - DEBUG - Delayed start.
2016-12-05 22:10:42,653 - coord.Coord - DEBUG - Delayed start.
2016-12-05 22:10:42,670 - coord.Coord - DEBUG - Delayed start.
2016-12-05 22:10:42,679 - coord.Coord - DEBUG - Delayed start.
2016-12-05 22:10:42,698 - coord.Coord - DEBUG - Delayed start.
2016-12-05 22:10:42,704 - master.Node_ - DEBUG - 6 instances of <class 'coord.Coord'> created.
2016-12-05 22:10:42,704 - master.Node_ - DEBUG - Creating instances of <class 'worker.Worker'> using 'process'
2016-12-05 22:10:42,720 - worker.Worker - DEBUG - Delayed start.
2016-12-05 22:10:42,733 - worker.Worker - DEBUG - Delayed start.
2016-12-05 22:10:42,751 - worker.Worker - DEBUG - Delayed start.
2016-12-05 22:10:42,786 - worker.Worker - DEBUG - Delayed start.
2016-12-05 22:10:42,792 - worker.Worker - DEBUG - Delayed start.
2016-12-05 22:10:42,809 - worker.Worker - DEBUG - Delayed start.
2016-12-05 22:10:42,813 - worker.Worker - DEBUG - Delayed start.
2016-12-05 22:10:42,826 - worker.Worker - DEBUG - Delayed start.
2016-12-05 22:10:42,846 - worker.Worker - DEBUG - Delayed start.
2016-12-05 22:10:42,868 - worker.Worker - DEBUG - Delayed start.
2016-12-05 22:10:42,887 - worker.Worker - DEBUG - Delayed start.
2016-12-05 22:10:42,901 - worker.Worker - DEBUG - Delayed start.
2016-12-05 22:10:42,904 - master.Node_ - DEBUG - 12 instances of <class 'worker.Worker'> created.
2016-12-05 22:10:42,905 - master.Node_ - DEBUG - Creating instances of <class 'db.DB'> using 'process'
2016-12-05 22:10:42,920 - db.DB - DEBUG - Delayed start.
2016-12-05 22:10:42,929 - master.Node_ - DEBUG - 1 instances of <class 'db.DB'> created.
2016-12-05 22:10:42,929 - master.Node_ - DEBUG - Creating instances of <class 'master.clEND'> using 'process'
2016-12-05 22:10:42,945 - master.clEND - DEBUG - Delayed start.
2016-12-05 22:10:42,950 - master.Node_ - DEBUG - 1 instances of <class 'master.clEND'> created.
2016-12-05 22:10:42,955 - master.clEND - DEBUG - Running `setup` with args (126101043284017158, ([<Coord:b1407>, <Coord:b1403>, <Coord:b1405>, <Coord:b1406>, <Coord:b1408>, <Coord:b1404>], [<DB:b1415>], [<Worker:b140a>, <Worker:b1414>, <Worker:b1411>, <Worker:b140b>, <Worker:b1410>, <Worker:b1413>, <Worker:b1412>, <Worker:b140d>, <Worker:b1409>, <Worker:b140c>, <Worker:b140e>, <Worker:b140f>], [<Client:b1402>])).
2016-12-05 22:10:42,956 - master.clEND - DEBUG - `setup` complete.
2016-12-05 22:10:42,958 - db.DB - DEBUG - Running `setup` with args (126101043284017159, (6,)).
2016-12-05 22:10:42,958 - db.DB - DEBUG - `setup` complete.
2016-12-05 22:10:42,961 - worker.Worker - DEBUG - Running `setup` with args (126101043284017160, ([<Coord:b1407>, <Coord:b1403>, <Coord:b1405>, <Coord:b1406>, <Coord:b1408>, <Coord:b1404>], [<DB:b1415>], 6)).
2016-12-05 22:10:42,962 - worker.Worker - DEBUG - `setup` complete.
2016-12-05 22:10:42,963 - worker.Worker - DEBUG - Running `setup` with args (126101043284017160, ([<Coord:b1407>, <Coord:b1403>, <Coord:b1405>, <Coord:b1406>, <Coord:b1408>, <Coord:b1404>], [<DB:b1415>], 6)).
2016-12-05 22:10:42,964 - worker.Worker - DEBUG - `setup` complete.
2016-12-05 22:10:42,965 - worker.Worker - DEBUG - Running `setup` with args (126101043284017160, ([<Coord:b1407>, <Coord:b1403>, <Coord:b1405>, <Coord:b1406>, <Coord:b1408>, <Coord:b1404>], [<DB:b1415>], 6)).
2016-12-05 22:10:42,966 - worker.Worker - DEBUG - `setup` complete.
2016-12-05 22:10:42,967 - worker.Worker - DEBUG - Running `setup` with args (126101043284017160, ([<Coord:b1407>, <Coord:b1403>, <Coord:b1405>, <Coord:b1406>, <Coord:b1408>, <Coord:b1404>], [<DB:b1415>], 6)).
2016-12-05 22:10:42,968 - worker.Worker - DEBUG - `setup` complete.
2016-12-05 22:10:42,970 - worker.Worker - DEBUG - Running `setup` with args (126101043284017160, ([<Coord:b1407>, <Coord:b1403>, <Coord:b1405>, <Coord:b1406>, <Coord:b1408>, <Coord:b1404>], [<DB:b1415>], 6)).
2016-12-05 22:10:42,971 - worker.Worker - DEBUG - `setup` complete.
2016-12-05 22:10:42,973 - worker.Worker - DEBUG - Running `setup` with args (126101043284017160, ([<Coord:b1407>, <Coord:b1403>, <Coord:b1405>, <Coord:b1406>, <Coord:b1408>, <Coord:b1404>], [<DB:b1415>], 6)).
2016-12-05 22:10:42,973 - worker.Worker - DEBUG - `setup` complete.
2016-12-05 22:10:42,974 - worker.Worker - DEBUG - Running `setup` with args (126101043284017160, ([<Coord:b1407>, <Coord:b1403>, <Coord:b1405>, <Coord:b1406>, <Coord:b1408>, <Coord:b1404>], [<DB:b1415>], 6)).
2016-12-05 22:10:42,974 - worker.Worker - DEBUG - `setup` complete.
2016-12-05 22:10:42,975 - worker.Worker - DEBUG - Running `setup` with args (126101043284017160, ([<Coord:b1407>, <Coord:b1403>, <Coord:b1405>, <Coord:b1406>, <Coord:b1408>, <Coord:b1404>], [<DB:b1415>], 6)).
2016-12-05 22:10:42,976 - worker.Worker - DEBUG - `setup` complete.
2016-12-05 22:10:42,977 - worker.Worker - DEBUG - Running `setup` with args (126101043284017160, ([<Coord:b1407>, <Coord:b1403>, <Coord:b1405>, <Coord:b1406>, <Coord:b1408>, <Coord:b1404>], [<DB:b1415>], 6)).
2016-12-05 22:10:42,978 - worker.Worker - DEBUG - `setup` complete.
2016-12-05 22:10:42,979 - worker.Worker - DEBUG - Running `setup` with args (126101043284017160, ([<Coord:b1407>, <Coord:b1403>, <Coord:b1405>, <Coord:b1406>, <Coord:b1408>, <Coord:b1404>], [<DB:b1415>], 6)).
2016-12-05 22:10:42,980 - worker.Worker - DEBUG - `setup` complete.
2016-12-05 22:10:42,981 - worker.Worker - DEBUG - Running `setup` with args (126101043284017160, ([<Coord:b1407>, <Coord:b1403>, <Coord:b1405>, <Coord:b1406>, <Coord:b1408>, <Coord:b1404>], [<DB:b1415>], 6)).
2016-12-05 22:10:42,981 - worker.Worker - DEBUG - `setup` complete.
2016-12-05 22:10:42,983 - worker.Worker - DEBUG - Running `setup` with args (126101043284017160, ([<Coord:b1407>, <Coord:b1403>, <Coord:b1405>, <Coord:b1406>, <Coord:b1408>, <Coord:b1404>], [<DB:b1415>], 6)).
2016-12-05 22:10:42,984 - worker.Worker - DEBUG - `setup` complete.
2016-12-05 22:10:42,986 - coord.Coord - DEBUG - Running `setup` with args (126101043284017161, ([<Coord:b1407>, <Coord:b1403>, <Coord:b1405>, <Coord:b1406>, <Coord:b1408>, <Coord:b1404>], [<Worker:b140a>, <Worker:b1414>, <Worker:b1411>, <Worker:b140b>, <Worker:b1410>, <Worker:b1413>, <Worker:b1412>, <Worker:b140d>, <Worker:b1409>, <Worker:b140c>, <Worker:b140e>, <Worker:b140f>], [<DB:b1415>], 6)).
2016-12-05 22:10:42,987 - coord.Coord - DEBUG - `setup` complete.
2016-12-05 22:10:42,988 - coord.Coord - DEBUG - Running `setup` with args (126101043284017161, ([<Coord:b1407>, <Coord:b1403>, <Coord:b1405>, <Coord:b1406>, <Coord:b1408>, <Coord:b1404>], [<Worker:b140a>, <Worker:b1414>, <Worker:b1411>, <Worker:b140b>, <Worker:b1410>, <Worker:b1413>, <Worker:b1412>, <Worker:b140d>, <Worker:b1409>, <Worker:b140c>, <Worker:b140e>, <Worker:b140f>], [<DB:b1415>], 6)).
2016-12-05 22:10:42,988 - coord.Coord - DEBUG - `setup` complete.
2016-12-05 22:10:42,989 - coord.Coord - DEBUG - Running `setup` with args (126101043284017161, ([<Coord:b1407>, <Coord:b1403>, <Coord:b1405>, <Coord:b1406>, <Coord:b1408>, <Coord:b1404>], [<Worker:b140a>, <Worker:b1414>, <Worker:b1411>, <Worker:b140b>, <Worker:b1410>, <Worker:b1413>, <Worker:b1412>, <Worker:b140d>, <Worker:b1409>, <Worker:b140c>, <Worker:b140e>, <Worker:b140f>], [<DB:b1415>], 6)).
2016-12-05 22:10:42,990 - coord.Coord - DEBUG - `setup` complete.
2016-12-05 22:10:42,991 - coord.Coord - DEBUG - Running `setup` with args (126101043284017161, ([<Coord:b1407>, <Coord:b1403>, <Coord:b1405>, <Coord:b1406>, <Coord:b1408>, <Coord:b1404>], [<Worker:b140a>, <Worker:b1414>, <Worker:b1411>, <Worker:b140b>, <Worker:b1410>, <Worker:b1413>, <Worker:b1412>, <Worker:b140d>, <Worker:b1409>, <Worker:b140c>, <Worker:b140e>, <Worker:b140f>], [<DB:b1415>], 6)).
2016-12-05 22:10:42,992 - coord.Coord - DEBUG - `setup` complete.
2016-12-05 22:10:42,993 - coord.Coord - DEBUG - Running `setup` with args (126101043284017161, ([<Coord:b1407>, <Coord:b1403>, <Coord:b1405>, <Coord:b1406>, <Coord:b1408>, <Coord:b1404>], [<Worker:b140a>, <Worker:b1414>, <Worker:b1411>, <Worker:b140b>, <Worker:b1410>, <Worker:b1413>, <Worker:b1412>, <Worker:b140d>, <Worker:b1409>, <Worker:b140c>, <Worker:b140e>, <Worker:b140f>], [<DB:b1415>], 6)).
2016-12-05 22:10:42,994 - coord.Coord - DEBUG - `setup` complete.
2016-12-05 22:10:42,994 - coord.Coord - DEBUG - Running `setup` with args (126101043284017161, ([<Coord:b1407>, <Coord:b1403>, <Coord:b1405>, <Coord:b1406>, <Coord:b1408>, <Coord:b1404>], [<Worker:b140a>, <Worker:b1414>, <Worker:b1411>, <Worker:b140b>, <Worker:b1410>, <Worker:b1413>, <Worker:b1412>, <Worker:b140d>, <Worker:b1409>, <Worker:b140c>, <Worker:b140e>, <Worker:b140f>], [<DB:b1415>], 6)).
2016-12-05 22:10:42,995 - coord.Coord - DEBUG - `setup` complete.
2016-12-05 22:10:42,997 - master.Client - DEBUG - Running `setup` with args (126101043284017162, ([<Coord:b1407>, <Coord:b1403>, <Coord:b1405>, <Coord:b1406>, <Coord:b1408>, <Coord:b1404>], {<clEND:b1416>}, 6)).
2016-12-05 22:10:42,998 - master.Client - DEBUG - `setup` complete.
2016-12-05 22:10:42,999 - master.clEND - DEBUG - `start` command received, commencing...
2016-12-05 22:10:43,000 - db.DB - DEBUG - `start` command received, commencing...
2016-12-05 22:10:43,001 - worker.Worker - DEBUG - `start` command received, commencing...
2016-12-05 22:10:43,002 - worker.Worker - DEBUG - `start` command received, commencing...
2016-12-05 22:10:43,003 - worker.Worker - DEBUG - `start` command received, commencing...
2016-12-05 22:10:43,004 - worker.Worker - DEBUG - `start` command received, commencing...
2016-12-05 22:10:43,005 - worker.Worker - DEBUG - `start` command received, commencing...
2016-12-05 22:10:43,005 - worker.Worker - DEBUG - `start` command received, commencing...
2016-12-05 22:10:43,006 - worker.Worker - DEBUG - `start` command received, commencing...
2016-12-05 22:10:43,006 - worker.Worker - DEBUG - `start` command received, commencing...
2016-12-05 22:10:43,007 - worker.Worker - DEBUG - `start` command received, commencing...
2016-12-05 22:10:43,007 - worker.Worker - DEBUG - `start` command received, commencing...
2016-12-05 22:10:43,006 - worker.Worker - DEBUG - `start` command received, commencing...
2016-12-05 22:10:43,008 - worker.Worker - DEBUG - `start` command received, commencing...
2016-12-05 22:10:43,010 - coord.Coord - DEBUG - `start` command received, commencing...
2016-12-05 22:10:43,011 - coord.Coord - DEBUG - `start` command received, commencing...
2016-12-05 22:10:43,012 - coord.Coord - DEBUG - `start` command received, commencing...
2016-12-05 22:10:43,012 - coord.Coord - DEBUG - `start` command received, commencing...
2016-12-05 22:10:43,012 - coord.Coord - DEBUG - `start` command received, commencing...
2016-12-05 22:10:43,013 - coord.Coord - DEBUG - `start` command received, commencing...
2016-12-05 22:10:43,014 - master.Client - DEBUG - `start` command received, commencing...
2016-12-05 22:10:43,018 - coord.Coord - OUTPUT - START REQUEST received at  1  coordinator, which is subject coordinator: Req _ID: 1
Req ID: 277222800864282619981710541551126864491
Subject:
   Obj ID: 1
   Obj type: employee
Resource:
   Obj ID: 257
   Obj type: bank
action: read
ReadAttr Obj1: {}
ReadAttr Obj2: {}
updatedObj: -1
rdOnlyObj: -1
updates: []
decision: None

2016-12-05 22:10:43,018 - coord.Coord - OUTPUT - Start waiting before proceeding to work: %s Req _ID: 1
Req ID: 277222800864282619981710541551126864491
Subject:
   Obj ID: 1
   Obj type: employee
Resource:
   Obj ID: 257
   Obj type: bank
action: read
ReadAttr Obj1: {}
ReadAttr Obj2: {}
updatedObj: -1
rdOnlyObj: -1
updates: []
decision: None

2016-12-05 22:10:43,019 - coord.Coord - OUTPUT - Stop waiting before proceeding to work: %s Req _ID: 1
Req ID: 277222800864282619981710541551126864491
Subject:
   Obj ID: 1
   Obj type: employee
Resource:
   Obj ID: 257
   Obj type: bank
action: read
ReadAttr Obj1: {}
ReadAttr Obj2: {}
updatedObj: -1
rdOnlyObj: -1
updates: []
decision: None

2016-12-05 22:10:43,019 - coord.Coord - OUTPUT - CACHE CONTENT ON COORD  1  AFTER 1ST ARRIVAL OF REQ WITH Req._ID: 1 Req.ts: 1480993843.0188 , OBJECT:1:ATTRIBUTE:history:VERSION: RTS:0,WTS:0,PMR:[277222800864282619981710541551126864491],PMW:[]ATTRIBUTE:type:VERSION: RTS:0,WTS:0,PMR:[277222800864282619981710541551126864491],PMW:[]
2016-12-05 22:10:43,020 - coord.Coord - OUTPUT - EXIT REQUEST received at  1  coordinator, which is subject coordinator: Req _ID: 1
Req ID: 277222800864282619981710541551126864491
Subject:
   Obj ID: 1
   Obj type: employee
Resource:
   Obj ID: 257
   Obj type: bank
action: read
ReadAttr Obj1: {}
ReadAttr Obj2: {}
updatedObj: -1
rdOnlyObj: -1
updates: []
decision: None

2016-12-05 22:10:43,021 - coord.Coord - OUTPUT - START REQUEST received at  1  coordinator, which is subject coordinator: Req _ID: 2
Req ID: 129093041693541599815377005760059689420
Subject:
   Obj ID: 1
   Obj type: employee
Resource:
   Obj ID: 257
   Obj type: bank
action: write
ReadAttr Obj1: {}
ReadAttr Obj2: {}
updatedObj: -1
rdOnlyObj: -1
updates: []
decision: None

2016-12-05 22:10:43,021 - coord.Coord - OUTPUT - Start waiting before proceeding to work: %s Req _ID: 2
Req ID: 129093041693541599815377005760059689420
Subject:
   Obj ID: 1
   Obj type: employee
Resource:
   Obj ID: 257
   Obj type: bank
action: write
ReadAttr Obj1: {}
ReadAttr Obj2: {}
updatedObj: -1
rdOnlyObj: -1
updates: []
decision: None

2016-12-05 22:10:43,021 - coord.Coord - OUTPUT - START REQUEST received at  2  coordinator, which is resource coordinator: Req _ID: 1
Req ID: 277222800864282619981710541551126864491
Subject:
   Obj ID: 1
   Obj type: employee
Resource:
   Obj ID: 257
   Obj type: bank
action: read
ReadAttr Obj1: {}
ReadAttr Obj2: {}
updatedObj: -1
rdOnlyObj: -1
updates: []
decision: None

2016-12-05 22:10:43,022 - coord.Coord - OUTPUT - Stop waiting before proceeding to work: %s Req _ID: 2
Req ID: 129093041693541599815377005760059689420
Subject:
   Obj ID: 1
   Obj type: employee
Resource:
   Obj ID: 257
   Obj type: bank
action: write
ReadAttr Obj1: {}
ReadAttr Obj2: {}
updatedObj: -1
rdOnlyObj: -1
updates: []
decision: None

2016-12-05 22:10:43,022 - coord.Coord - OUTPUT - CACHE CONTENT ON COORD  1  AFTER 1ST ARRIVAL OF REQ WITH Req._ID: 2 Req.ts: 1480993843.021577 , OBJECT:1:ATTRIBUTE:history:VERSION: RTS:0,WTS:0,PMR:[277222800864282619981710541551126864491, 129093041693541599815377005760059689420],PMW:[]ATTRIBUTE:type:VERSION: RTS:0,WTS:0,PMR:[277222800864282619981710541551126864491, 129093041693541599815377005760059689420],PMW:[]
2016-12-05 22:10:43,022 - coord.Coord - OUTPUT - Start waiting before proceeding to work: %s Req _ID: 1
Req ID: 277222800864282619981710541551126864491
Subject:
   Obj ID: 1
   Obj type: employee
Resource:
   Obj ID: 257
   Obj type: bank
action: read
ReadAttr Obj1: {}
ReadAttr Obj2: {}
updatedObj: -1
rdOnlyObj: -1
updates: []
decision: None

2016-12-05 22:10:43,022 - coord.Coord - OUTPUT - Stop waiting before proceeding to work: %s Req _ID: 1
Req ID: 277222800864282619981710541551126864491
Subject:
   Obj ID: 1
   Obj type: employee
Resource:
   Obj ID: 257
   Obj type: bank
action: read
ReadAttr Obj1: {}
ReadAttr Obj2: {}
updatedObj: -1
rdOnlyObj: -1
updates: []
decision: None

2016-12-05 22:10:43,023 - coord.Coord - OUTPUT - EXIT REQUEST received at  1  coordinator, which is subject coordinator: Req _ID: 2
Req ID: 129093041693541599815377005760059689420
Subject:
   Obj ID: 1
   Obj type: employee
Resource:
   Obj ID: 257
   Obj type: bank
action: write
ReadAttr Obj1: {}
ReadAttr Obj2: {}
updatedObj: -1
rdOnlyObj: -1
updates: []
decision: None

2016-12-05 22:10:43,023 - coord.Coord - OUTPUT - CACHE CONTENT ON COORD  2  AFTER 1ST ARRIVAL OF REQ WITH Req._ID: 1 Req.ts: 1480993843.0188 , OBJECT:257:ATTRIBUTE:name:VERSION: RTS:0,WTS:0,PMR:[277222800864282619981710541551126864491],PMW:[]ATTRIBUTE:rcount:VERSION: RTS:0,WTS:0,PMR:[277222800864282619981710541551126864491],PMW:[]ATTRIBUTE:type:VERSION: RTS:0,WTS:0,PMR:[277222800864282619981710541551126864491],PMW:[]
2016-12-05 22:10:43,024 - coord.Coord - OUTPUT - EXIT REQUEST received at  2  coordinator, which is resource coordinator: Req _ID: 1
Req ID: 277222800864282619981710541551126864491
Subject:
   Obj ID: 1
   Obj type: employee
Resource:
   Obj ID: 257
   Obj type: bank
action: read
ReadAttr Obj1: {}
ReadAttr Obj2: {}
updatedObj: -1
rdOnlyObj: -1
updates: []
decision: None

2016-12-05 22:10:43,026 - coord.Coord - OUTPUT - START REQUEST received at  2  coordinator, which is resource coordinator: Req _ID: 2
Req ID: 129093041693541599815377005760059689420
Subject:
   Obj ID: 1
   Obj type: employee
Resource:
   Obj ID: 257
   Obj type: bank
action: write
ReadAttr Obj1: {}
ReadAttr Obj2: {}
updatedObj: -1
rdOnlyObj: -1
updates: []
decision: None

2016-12-05 22:10:43,026 - worker.Worker - OUTPUT - START WORKER: Req _ID: 1
Req ID: 277222800864282619981710541551126864491
Subject:
   Obj ID: 1
   Obj type: employee
Resource:
   Obj ID: 257
   Obj type: bank
action: read
ReadAttr Obj1: {}
ReadAttr Obj2: {}
updatedObj: -1
rdOnlyObj: -1
updates: []
decision: None

2016-12-05 22:10:43,027 - coord.Coord - OUTPUT - Start waiting before proceeding to work: %s Req _ID: 2
Req ID: 129093041693541599815377005760059689420
Subject:
   Obj ID: 1
   Obj type: employee
Resource:
   Obj ID: 257
   Obj type: bank
action: write
ReadAttr Obj1: {}
ReadAttr Obj2: {}
updatedObj: -1
rdOnlyObj: -1
updates: []
decision: None

2016-12-05 22:10:43,027 - coord.Coord - OUTPUT - Stop waiting before proceeding to work: %s Req _ID: 2
Req ID: 129093041693541599815377005760059689420
Subject:
   Obj ID: 1
   Obj type: employee
Resource:
   Obj ID: 257
   Obj type: bank
action: write
ReadAttr Obj1: {}
ReadAttr Obj2: {}
updatedObj: -1
rdOnlyObj: -1
updates: []
decision: None

2016-12-05 22:10:43,028 - coord.Coord - OUTPUT - CACHE CONTENT ON COORD  2  AFTER 1ST ARRIVAL OF REQ WITH Req._ID: 2 Req.ts: 1480993843.021577 , OBJECT:257:ATTRIBUTE:name:VERSION: RTS:0,WTS:0,PMR:[277222800864282619981710541551126864491, 129093041693541599815377005760059689420],PMW:[]ATTRIBUTE:rcount:VERSION: RTS:0,WTS:0,PMR:[277222800864282619981710541551126864491],PMW:[]ATTRIBUTE:wcount:VERSION: RTS:0,WTS:0,PMR:[129093041693541599815377005760059689420],PMW:[]ATTRIBUTE:type:VERSION: RTS:0,WTS:0,PMR:[277222800864282619981710541551126864491, 129093041693541599815377005760059689420],PMW:[]
2016-12-05 22:10:43,028 - worker.Worker - OUTPUT - Proceeding to Work: %s Req _ID: 1
Req ID: 277222800864282619981710541551126864491
Subject:
   Obj ID: 1
   Obj type: employee
Resource:
   Obj ID: 257
   Obj type: bank
action: read
ReadAttr Obj1: {}
ReadAttr Obj2: {}
updatedObj: -1
rdOnlyObj: -1
updates: []
decision: None

2016-12-05 22:10:43,028 - worker.Worker - OUTPUT - READ FROM DB:  ['history', 'type', 'history']
2016-12-05 22:10:43,028 - worker.Worker - OUTPUT - READ FROM DB:  ['name', 'type']
2016-12-05 22:10:43,029 - coord.Coord - OUTPUT - EXIT REQUEST received at  2  coordinator, which is resource coordinator: Req _ID: 2
Req ID: 129093041693541599815377005760059689420
Subject:
   Obj ID: 1
   Obj type: employee
Resource:
   Obj ID: 257
   Obj type: bank
action: write
ReadAttr Obj1: {}
ReadAttr Obj2: {}
updatedObj: -1
rdOnlyObj: -1
updates: []
decision: None

2016-12-05 22:10:43,029 - worker.Worker - OUTPUT - Sending Read to Db: %s 1480993843.018801
2016-12-05 22:10:43,030 - db.DB - OUTPUT - DB received request: %s 1480993843.018801
2016-12-05 22:10:43,031 - worker.Worker - OUTPUT - START WORKER: Req _ID: 2
Req ID: 129093041693541599815377005760059689420
Subject:
   Obj ID: 1
   Obj type: employee
Resource:
   Obj ID: 257
   Obj type: bank
action: write
ReadAttr Obj1: {}
ReadAttr Obj2: {}
updatedObj: -1
rdOnlyObj: -1
updates: []
decision: None

2016-12-05 22:10:43,032 - worker.Worker - OUTPUT - Received response from Db: %s 1480993843.018801
2016-12-05 22:10:43,032 - worker.Worker - OUTPUT - Sending Read to Db: %s 1480993843.018802
2016-12-05 22:10:43,032 - worker.Worker - OUTPUT - Proceeding to Work: %s Req _ID: 2
Req ID: 129093041693541599815377005760059689420
Subject:
   Obj ID: 1
   Obj type: employee
Resource:
   Obj ID: 257
   Obj type: bank
action: write
ReadAttr Obj1: {}
ReadAttr Obj2: {}
updatedObj: -1
rdOnlyObj: -1
updates: []
decision: None

2016-12-05 22:10:43,033 - worker.Worker - OUTPUT - READ FROM DB:  ['history', 'type']
2016-12-05 22:10:43,033 - worker.Worker - OUTPUT - READ FROM DB:  ['name', 'type', 'wcount']
2016-12-05 22:10:43,033 - worker.Worker - OUTPUT - Sending Read to Db: %s 1480993843.02157701
2016-12-05 22:10:43,033 - db.DB - OUTPUT - DB received request: %s 1480993843.018802
2016-12-05 22:10:43,035 - worker.Worker - OUTPUT - Received response from Db: %s 1480993843.018802
2016-12-05 22:10:43,035 - db.DB - OUTPUT - DB received request: %s 1480993843.02157701
2016-12-05 22:10:43,036 - worker.Worker - OUTPUT - Received response from Db: %s 1480993843.02157701
2016-12-05 22:10:43,036 - worker.Worker - OUTPUT - Sending Read to Db: %s 1480993843.02157702
2016-12-05 22:10:43,038 - db.DB - OUTPUT - DB received request: %s 1480993843.02157702
2016-12-05 22:10:43,039 - worker.Worker - OUTPUT - Received response from Db: %s 1480993843.02157702
2016-12-05 22:10:45,037 - worker.Worker - DEBUG - __process_event: message was stolen by another thread.
2016-12-05 22:10:45,037 - worker.Worker - OUTPUT - EXIT WORKER Result after evaluating %s rule/s: %s 0 Req _ID: 1
Req ID: 277222800864282619981710541551126864491
Subject:
   Obj ID: 1
   Obj type: employee
Resource:
   Obj ID: 257
   Obj type: bank
action: read
ReadAttr Obj1: {'type': <common.Versions object at 0x1039f0eb8>, 'history': <common.Versions object at 0x1039f0d68>}
ReadAttr Obj2: {'name': <common.Versions object at 0x1039f0160>, 'type': <common.Versions object at 0x1039f02b0>}
updatedObj: 1
rdOnlyObj: 2
updates: {'history': 'BankA'}
decision: permit

2016-12-05 22:10:45,041 - coord.Coord - OUTPUT - START RESULT received at  1  coordinator, which is subject coordinator: Req _ID: 1
Req ID: 277222800864282619981710541551126864491
Subject:
   Obj ID: 1
   Obj type: employee
Resource:
   Obj ID: 257
   Obj type: bank
action: read
ReadAttr Obj1: {'type': <common.Versions object at 0x1039e4dd8>, 'history': <common.Versions object at 0x1039e4f60>}
ReadAttr Obj2: {'name': <common.Versions object at 0x1039e4780>, 'type': <common.Versions object at 0x1039e4ac8>}
updatedObj: 1
rdOnlyObj: 2
updates: {'history': 'BankA'}
decision: permit

2016-12-05 22:10:45,041 - coord.Coord - OUTPUT - CACHE CONTENT ON COORD  1  AFTER 2ND ARRIVAL (BEFORE WAIT) OF REQ WITH Req._ID: 1 Req.ts: 1480993843.0188 , OBJECT:1:ATTRIBUTE:history:VERSION: RTS:0,WTS:0,PMR:[277222800864282619981710541551126864491, 129093041693541599815377005760059689420],PMW:[]ATTRIBUTE:type:VERSION: RTS:0,WTS:0,PMR:[277222800864282619981710541551126864491, 129093041693541599815377005760059689420],PMW:[]
2016-12-05 22:10:45,042 - coord.Coord - OUTPUT - In checkForConflict: %s Req _ID: 1
Req ID: 277222800864282619981710541551126864491
Subject:
   Obj ID: 1
   Obj type: employee
Resource:
   Obj ID: 257
   Obj type: bank
action: read
ReadAttr Obj1: {'type': <common.Versions object at 0x1039e4dd8>, 'history': <common.Versions object at 0x1039e4f60>}
ReadAttr Obj2: {'name': <common.Versions object at 0x1039e4780>, 'type': <common.Versions object at 0x1039e4ac8>}
updatedObj: 1
rdOnlyObj: 2
updates: {'history': 'BankA'}
decision: permit

2016-12-05 22:10:45,042 - coord.Coord - OUTPUT - Version: %s rts: 0
wts: 0
value: None
pendingMightRead: [277222800864282619981710541551126864491, 129093041693541599815377005760059689420]
pendingMightWrite: []

2016-12-05 22:10:48,042 - worker.Worker - DEBUG - __process_event: message was stolen by another thread.
2016-12-05 22:10:48,042 - worker.Worker - OUTPUT - EXIT WORKER Result after evaluating %s rule/s: %s 0 Req _ID: 2
Req ID: 129093041693541599815377005760059689420
Subject:
   Obj ID: 1
   Obj type: employee
Resource:
   Obj ID: 257
   Obj type: bank
action: write
ReadAttr Obj1: {'type': <common.Versions object at 0x103896828>, 'history': <common.Versions object at 0x1038bafd0>}
ReadAttr Obj2: {'name': <common.Versions object at 0x103896a90>, 'wcount': <common.Versions object at 0x1038ba6a0>, 'type': <common.Versions object at 0x1039e8828>}
updatedObj: 2
rdOnlyObj: 1
updates: {'wcount': 1}
decision: permit

2016-12-05 22:10:48,045 - coord.Coord - OUTPUT - START RESULT received at  2  coordinator, which is resource coordinator: Req _ID: 2
Req ID: 129093041693541599815377005760059689420
Subject:
   Obj ID: 1
   Obj type: employee
Resource:
   Obj ID: 257
   Obj type: bank
action: write
ReadAttr Obj1: {'type': <common.Versions object at 0x1039f06d8>, 'history': <common.Versions object at 0x1039e3ac8>}
ReadAttr Obj2: {'name': <common.Versions object at 0x1039f0550>, 'wcount': <common.Versions object at 0x1039f0320>, 'type': <common.Versions object at 0x1039f0668>}
updatedObj: 2
rdOnlyObj: 1
updates: {'wcount': 1}
decision: permit

2016-12-05 22:10:48,045 - coord.Coord - OUTPUT - CACHE CONTENT ON COORD  2  AFTER 2ND ARRIVAL (BEFORE WAIT) OF REQ WITH Req._ID: 2 Req.ts: 1480993843.021577 , OBJECT:257:ATTRIBUTE:name:VERSION: RTS:0,WTS:0,PMR:[277222800864282619981710541551126864491, 129093041693541599815377005760059689420],PMW:[]ATTRIBUTE:rcount:VERSION: RTS:0,WTS:0,PMR:[277222800864282619981710541551126864491],PMW:[]ATTRIBUTE:wcount:VERSION: RTS:0,WTS:0,PMR:[129093041693541599815377005760059689420],PMW:[]ATTRIBUTE:type:VERSION: RTS:0,WTS:0,PMR:[277222800864282619981710541551126864491, 129093041693541599815377005760059689420],PMW:[]
2016-12-05 22:10:48,045 - coord.Coord - OUTPUT - In checkForConflict: %s Req _ID: 2
Req ID: 129093041693541599815377005760059689420
Subject:
   Obj ID: 1
   Obj type: employee
Resource:
   Obj ID: 257
   Obj type: bank
action: write
ReadAttr Obj1: {'type': <common.Versions object at 0x1039f06d8>, 'history': <common.Versions object at 0x1039e3ac8>}
ReadAttr Obj2: {'name': <common.Versions object at 0x1039f0550>, 'wcount': <common.Versions object at 0x1039f0320>, 'type': <common.Versions object at 0x1039f0668>}
updatedObj: 2
rdOnlyObj: 1
updates: {'wcount': 1}
decision: permit

2016-12-05 22:10:48,046 - coord.Coord - OUTPUT - Version: %s rts: 0
wts: 0
value: None
pendingMightRead: [129093041693541599815377005760059689420]
pendingMightWrite: []

2016-12-05 22:10:48,046 - coord.Coord - OUTPUT - In checkForConflict: %s Req _ID: 2
Req ID: 129093041693541599815377005760059689420
Subject:
   Obj ID: 1
   Obj type: employee
Resource:
   Obj ID: 257
   Obj type: bank
action: write
ReadAttr Obj1: {'type': <common.Versions object at 0x1039f06d8>, 'history': <common.Versions object at 0x1039e3ac8>}
ReadAttr Obj2: {'name': <common.Versions object at 0x1039f0550>, 'wcount': <common.Versions object at 0x1039f0320>, 'type': <common.Versions object at 0x1039f0668>}
updatedObj: 2
rdOnlyObj: 1
updates: {'wcount': 1}
decision: permit

2016-12-05 22:10:48,046 - coord.Coord - OUTPUT - Version: %s rts: 0
wts: 0
value: None
pendingMightRead: [129093041693541599815377005760059689420]
pendingMightWrite: [129093041693541599815377005760059689420]

2016-12-05 22:10:48,047 - coord.Coord - OUTPUT - CACHE CONTENT ON COORD  2  AFTER 2ND ARRIVAL (AFTER WAIT) OF REQ WITH Req._ID: 2 Req.ts: 1480993843.021577 , OBJECT:257:ATTRIBUTE:name:VERSION: RTS:0,WTS:0,PMR:[277222800864282619981710541551126864491, 129093041693541599815377005760059689420],PMW:[]ATTRIBUTE:rcount:VERSION: RTS:0,WTS:0,PMR:[277222800864282619981710541551126864491],PMW:[]ATTRIBUTE:wcount:VERSION: RTS:0,WTS:0,PMR:[129093041693541599815377005760059689420],PMW:[129093041693541599815377005760059689420]ATTRIBUTE:type:VERSION: RTS:0,WTS:0,PMR:[277222800864282619981710541551126864491, 129093041693541599815377005760059689420],PMW:[]
2016-12-05 22:10:48,047 - coord.Coord - OUTPUT - Updating to CACHE in Result version: %s rts: 1480993843.021577
wts: 1480993843.021577
value: 1
pendingMightRead: []
pendingMightWrite: []

2016-12-05 22:10:48,047 - coord.Coord - OUTPUT - No conflict:  rts: 0
wts: 0
value: None
pendingMightRead: [129093041693541599815377005760059689420]
pendingMightWrite: [129093041693541599815377005760059689420]

2016-12-05 22:10:48,048 - coord.Coord - OUTPUT - No conflict:  rts: 0
wts: 0
value: None
pendingMightRead: [277222800864282619981710541551126864491, 129093041693541599815377005760059689420]
pendingMightWrite: []

2016-12-05 22:10:48,048 - coord.Coord - OUTPUT - No conflict:  rts: 0
wts: 0
value: None
pendingMightRead: [277222800864282619981710541551126864491, 129093041693541599815377005760059689420]
pendingMightWrite: []

2016-12-05 22:10:48,048 - coord.Coord - OUTPUT - REQ EVALUATION COMPLETED,SENDING RESPONSE TO CLIENT Req._ID: 2 Req.ts: 1480993843.021577 , OBJECT:257:ATTRIBUTE:name:VERSION: RTS:1480993843.021577,WTS:0,PMR:[277222800864282619981710541551126864491],PMW:[]ATTRIBUTE:rcount:VERSION: RTS:0,WTS:0,PMR:[277222800864282619981710541551126864491],PMW:[]ATTRIBUTE:wcount:VERSION: RTS:1480993843.021577,WTS:0,PMR:[],PMW:[129093041693541599815377005760059689420]VERSION: RTS:1480993843.021577,WTS:1480993843.021577,PMR:[],PMW:[]ATTRIBUTE:type:VERSION: RTS:1480993843.021577,WTS:0,PMR:[277222800864282619981710541551126864491],PMW:[]
2016-12-05 22:10:48,050 - master.Client - OUTPUT - RESPONSE received by Client: %s Req _ID: 2
Req ID: 129093041693541599815377005760059689420
Subject:
   Obj ID: 1
   Obj type: employee
Resource:
   Obj ID: 257
   Obj type: bank
action: write
ReadAttr Obj1: {'type': <common.Versions object at 0x1038b49e8>, 'history': <common.Versions object at 0x1038b48d0>}
ReadAttr Obj2: {'name': <common.Versions object at 0x1038b4b38>, 'wcount': <common.Versions object at 0x1038b4b70>, 'type': <common.Versions object at 0x1038b4dd8>}
updatedObj: 2
rdOnlyObj: 1
updates: {'wcount': 1}
decision: permit

2016-12-05 22:10:48,051 - coord.Coord - OUTPUT - START READATTR request for object:  1 , Request:  Req _ID: 2
Req ID: 129093041693541599815377005760059689420
Subject:
   Obj ID: 1
   Obj type: employee
Resource:
   Obj ID: 257
   Obj type: bank
action: write
ReadAttr Obj1: {'type': <common.Versions object at 0x1039f2438>, 'history': <common.Versions object at 0x1039e49e8>}
ReadAttr Obj2: {'name': <common.Versions object at 0x1039f2470>, 'wcount': <common.Versions object at 0x1039f2400>, 'type': <common.Versions object at 0x1039f2358>}
updatedObj: 2
rdOnlyObj: 1
updates: {'wcount': 1}
decision: permit

2016-12-05 22:10:48,051 - coord.Coord - OUTPUT - ReadAttr mightRead :%s rts: 0
wts: 0
value: None
pendingMightRead: [277222800864282619981710541551126864491, 129093041693541599815377005760059689420]
pendingMightWrite: [277222800864282619981710541551126864491]

2016-12-05 22:10:48,052 - coord.Coord - OUTPUT - BEFORE UPDATION: [<common.Versions object at 0x1039e49b0>]
2016-12-05 22:10:48,052 - coord.Coord - OUTPUT - ReadAttr mightRead :%s rts: 0
wts: 0
value: None
pendingMightRead: [277222800864282619981710541551126864491, 129093041693541599815377005760059689420]
pendingMightWrite: []

2016-12-05 22:10:48,052 - coord.Coord - OUTPUT - BEFORE UPDATION: [<common.Versions object at 0x1039e48d0>]
2016-12-05 22:10:48,052 - coord.Coord - OUTPUT - COORDINATOR CLEANING UP CHANGES on COORD  1  MADE BY COMPLETED REQ WITH Req._ID: 2 Req.ts: 1480993843.021577 , OBJECT:1:ATTRIBUTE:history:VERSION: RTS:1480993843.021577,WTS:0,PMR:[277222800864282619981710541551126864491],PMW:[277222800864282619981710541551126864491]ATTRIBUTE:type:VERSION: RTS:1480993843.021577,WTS:0,PMR:[277222800864282619981710541551126864491],PMW:[]
2016-12-05 22:10:48,053 - coord.Coord - OUTPUT - EXIT READATTR request for object:  1 , Request:  Req _ID: 2
Req ID: 129093041693541599815377005760059689420
Subject:
   Obj ID: 1
   Obj type: employee
Resource:
   Obj ID: 257
   Obj type: bank
action: write
ReadAttr Obj1: {'type': <common.Versions object at 0x1039f2438>, 'history': <common.Versions object at 0x1039e49e8>}
ReadAttr Obj2: {'name': <common.Versions object at 0x1039f2470>, 'wcount': <common.Versions object at 0x1039f2400>, 'type': <common.Versions object at 0x1039f2358>}
updatedObj: 2
rdOnlyObj: 1
updates: {'wcount': 1}
decision: permit

2016-12-05 22:10:48,053 - coord.Coord - OUTPUT - In checkForConflict: %s Req _ID: 1
Req ID: 277222800864282619981710541551126864491
Subject:
   Obj ID: 1
   Obj type: employee
Resource:
   Obj ID: 257
   Obj type: bank
action: read
ReadAttr Obj1: {'type': <common.Versions object at 0x1039e4dd8>, 'history': <common.Versions object at 0x1039e4f60>}
ReadAttr Obj2: {'name': <common.Versions object at 0x1039e4780>, 'type': <common.Versions object at 0x1039e4ac8>}
updatedObj: 1
rdOnlyObj: 2
updates: {'history': 'BankA'}
decision: permit

2016-12-05 22:10:48,053 - coord.Coord - OUTPUT - Version: %s rts: 1480993843.021577
wts: 0
value: None
pendingMightRead: [277222800864282619981710541551126864491]
pendingMightWrite: [277222800864282619981710541551126864491]

2016-12-05 22:10:48,053 - coord.Coord - OUTPUT - CACHE CONTENT ON COORD  1  AFTER 2ND ARRIVAL (AFTER WAIT) OF REQ WITH Req._ID: 1 Req.ts: 1480993843.0188 , OBJECT:1:ATTRIBUTE:history:VERSION: RTS:1480993843.021577,WTS:0,PMR:[277222800864282619981710541551126864491],PMW:[277222800864282619981710541551126864491]ATTRIBUTE:type:VERSION: RTS:1480993843.021577,WTS:0,PMR:[277222800864282619981710541551126864491],PMW:[]
2016-12-05 22:10:48,054 - coord.Coord - OUTPUT - RESTART DUE TO SECOND CONFLICT on coord 1 Req _ID: 1
Req ID: 277222800864282619981710541551126864491
Subject:
   Obj ID: 1
   Obj type: employee
Resource:
   Obj ID: 257
   Obj type: bank
action: read
ReadAttr Obj1: {'type': <common.Versions object at 0x1039e4dd8>, 'history': <common.Versions object at 0x1039e4f60>}
ReadAttr Obj2: {'name': <common.Versions object at 0x1039e4780>, 'type': <common.Versions object at 0x1039e4ac8>}
updatedObj: 1
rdOnlyObj: 2
updates: {'history': 'BankA'}
decision: permit

2016-12-05 22:10:48,054 - coord.Coord - OUTPUT - EXIT RESULT received at  2  coordinator, which is resource coordinator: Req _ID: 2
Req ID: 129093041693541599815377005760059689420
Subject:
   Obj ID: 1
   Obj type: employee
Resource:
   Obj ID: 257
   Obj type: bank
action: write
ReadAttr Obj1: {'type': <common.Versions object at 0x1039f06d8>, 'history': <common.Versions object at 0x1039e3ac8>}
ReadAttr Obj2: {'name': <common.Versions object at 0x1039f0550>, 'wcount': <common.Versions object at 0x1039f0320>, 'type': <common.Versions object at 0x1039f0668>}
updatedObj: 2
rdOnlyObj: 1
updates: {'wcount': 1}
decision: permit

2016-12-05 22:10:48,055 - coord.Coord - OUTPUT - EXIT RESULT received at  1  coordinator, which is subject coordinator: Req _ID: 1
Req ID: 277222800864282619981710541551126864491
Subject:
   Obj ID: 1
   Obj type: employee
Resource:
   Obj ID: 257
   Obj type: bank
action: read
ReadAttr Obj1: {'type': <common.Versions object at 0x1039e4dd8>, 'history': <common.Versions object at 0x1039e4f60>}
ReadAttr Obj2: {'name': <common.Versions object at 0x1039e4780>, 'type': <common.Versions object at 0x1039e4ac8>}
updatedObj: 1
rdOnlyObj: 2
updates: {'history': 'BankA'}
decision: permit

2016-12-05 22:10:48,055 - coord.Coord - OUTPUT - START READATTR request for object:  2 , Request:  Req _ID: 2
Req ID: 129093041693541599815377005760059689420
Subject:
   Obj ID: 1
   Obj type: employee
Resource:
   Obj ID: 257
   Obj type: bank
action: write
ReadAttr Obj1: {'type': <common.Versions object at 0x1039e3c88>, 'history': <common.Versions object at 0x1039e39e8>}
ReadAttr Obj2: {'name': <common.Versions object at 0x1039e39b0>, 'wcount': <common.Versions object at 0x101a38320>, 'type': <common.Versions object at 0x1038967f0>}
updatedObj: 2
rdOnlyObj: 1
updates: {'wcount': 1}
decision: permit

2016-12-05 22:10:48,056 - coord.Coord - OUTPUT - BEFORE UPDATION: [<common.Versions object at 0x1039e3e80>, <common.Versions object at 0x1039e3dd8>]
2016-12-05 22:10:48,056 - coord.Coord - OUTPUT - BEFORE UPDATION: [<common.Versions object at 0x1039e3ef0>]
2016-12-05 22:10:48,056 - coord.Coord - OUTPUT - BEFORE UPDATION: [<common.Versions object at 0x1039f0048>]
2016-12-05 22:10:48,057 - coord.Coord - OUTPUT - ReadAttr mightWrite :%s rts: 1480993843.021577
wts: 0
value: None
pendingMightRead: []
pendingMightWrite: [129093041693541599815377005760059689420]

2016-12-05 22:10:48,057 - coord.Coord - OUTPUT - COORDINATOR CLEANING UP CHANGES on COORD  2  MADE BY COMPLETED REQ WITH Req._ID: 2 Req.ts: 1480993843.021577 , OBJECT:257:ATTRIBUTE:name:VERSION: RTS:1480993843.021577,WTS:0,PMR:[277222800864282619981710541551126864491],PMW:[]ATTRIBUTE:rcount:VERSION: RTS:0,WTS:0,PMR:[277222800864282619981710541551126864491],PMW:[]ATTRIBUTE:wcount:VERSION: RTS:1480993843.021577,WTS:0,PMR:[],PMW:[]VERSION: RTS:1480993843.021577,WTS:1480993843.021577,PMR:[],PMW:[]ATTRIBUTE:type:VERSION: RTS:1480993843.021577,WTS:0,PMR:[277222800864282619981710541551126864491],PMW:[]
2016-12-05 22:10:48,057 - coord.Coord - OUTPUT - EXIT READATTR request for object:  2 , Request:  Req _ID: 2
Req ID: 129093041693541599815377005760059689420
Subject:
   Obj ID: 1
   Obj type: employee
Resource:
   Obj ID: 257
   Obj type: bank
action: write
ReadAttr Obj1: {'type': <common.Versions object at 0x1039e3c88>, 'history': <common.Versions object at 0x1039e39e8>}
ReadAttr Obj2: {'name': <common.Versions object at 0x1039e39b0>, 'wcount': <common.Versions object at 0x101a38320>, 'type': <common.Versions object at 0x1038967f0>}
updatedObj: 2
rdOnlyObj: 1
updates: {'wcount': 1}
decision: permit

2016-12-05 22:10:48,059 - coord.Coord - OUTPUT - START REQUEST received at  1  coordinator, which is subject coordinator: Req _ID: 1
Req ID: 277222800864282619981710541551126864491
Subject:
   Obj ID: 1
   Obj type: employee
Resource:
   Obj ID: 257
   Obj type: bank
action: read
ReadAttr Obj1: {'type': <common.Versions object at 0x1039e4dd8>, 'history': <common.Versions object at 0x1039e4c88>}
ReadAttr Obj2: {}
updatedObj: -1
rdOnlyObj: -1
updates: []
decision: None

2016-12-05 22:10:48,060 - coord.Coord - OUTPUT - Start waiting before proceeding to work: %s Req _ID: 1
Req ID: 277222800864282619981710541551126864491
Subject:
   Obj ID: 1
   Obj type: employee
Resource:
   Obj ID: 257
   Obj type: bank
action: read
ReadAttr Obj1: {'type': <common.Versions object at 0x1039e4dd8>, 'history': <common.Versions object at 0x1039e4c88>}
ReadAttr Obj2: {}
updatedObj: -1
rdOnlyObj: -1
updates: []
decision: None

2016-12-05 22:10:48,060 - coord.Coord - OUTPUT - Stop waiting before proceeding to work: %s Req _ID: 1
Req ID: 277222800864282619981710541551126864491
Subject:
   Obj ID: 1
   Obj type: employee
Resource:
   Obj ID: 257
   Obj type: bank
action: read
ReadAttr Obj1: {'type': <common.Versions object at 0x1039e4dd8>, 'history': <common.Versions object at 0x1039e4c88>}
ReadAttr Obj2: {}
updatedObj: -1
rdOnlyObj: -1
updates: []
decision: None

2016-12-05 22:10:48,061 - coord.Coord - OUTPUT - Restarted Request gets Priority on COORD 1
2016-12-05 22:10:48,061 - coord.Coord - OUTPUT - CACHE CONTENT ON COORD  1  AFTER 1ST ARRIVAL OF REQ WITH Req._ID: 1 Req.ts: 1480993848.060239 , OBJECT:1:ATTRIBUTE:history:VERSION: RTS:1480993843.021577,WTS:0,PMR:[277222800864282619981710541551126864491],PMW:[277222800864282619981710541551126864491]ATTRIBUTE:type:VERSION: RTS:1480993843.021577,WTS:0,PMR:[277222800864282619981710541551126864491],PMW:[]
2016-12-05 22:10:48,062 - coord.Coord - OUTPUT - EXIT REQUEST received at  1  coordinator, which is subject coordinator: Req _ID: 1
Req ID: 277222800864282619981710541551126864491
Subject:
   Obj ID: 1
   Obj type: employee
Resource:
   Obj ID: 257
   Obj type: bank
action: read
ReadAttr Obj1: {'type': <common.Versions object at 0x1039e4dd8>, 'history': <common.Versions object at 0x1039e4c88>}
ReadAttr Obj2: {}
updatedObj: -1
rdOnlyObj: -1
updates: []
decision: None

2016-12-05 22:10:48,063 - coord.Coord - OUTPUT - START REQUEST received at  2  coordinator, which is resource coordinator: Req _ID: 1
Req ID: 277222800864282619981710541551126864491
Subject:
   Obj ID: 1
   Obj type: employee
Resource:
   Obj ID: 257
   Obj type: bank
action: read
ReadAttr Obj1: {'type': <common.Versions object at 0x1039e3e48>, 'history': <common.Versions object at 0x1039e3b00>}
ReadAttr Obj2: {}
updatedObj: -1
rdOnlyObj: -1
updates: []
decision: None

2016-12-05 22:10:48,063 - coord.Coord - OUTPUT - Start waiting before proceeding to work: %s Req _ID: 1
Req ID: 277222800864282619981710541551126864491
Subject:
   Obj ID: 1
   Obj type: employee
Resource:
   Obj ID: 257
   Obj type: bank
action: read
ReadAttr Obj1: {'type': <common.Versions object at 0x1039e3e48>, 'history': <common.Versions object at 0x1039e3b00>}
ReadAttr Obj2: {}
updatedObj: -1
rdOnlyObj: -1
updates: []
decision: None

2016-12-05 22:10:48,063 - coord.Coord - OUTPUT - Stop waiting before proceeding to work: %s Req _ID: 1
Req ID: 277222800864282619981710541551126864491
Subject:
   Obj ID: 1
   Obj type: employee
Resource:
   Obj ID: 257
   Obj type: bank
action: read
ReadAttr Obj1: {'type': <common.Versions object at 0x1039e3e48>, 'history': <common.Versions object at 0x1039e3b00>}
ReadAttr Obj2: {}
updatedObj: -1
rdOnlyObj: -1
updates: []
decision: None

2016-12-05 22:10:48,064 - coord.Coord - OUTPUT - Restarted Request gets Priority on COORD 2
2016-12-05 22:10:48,064 - coord.Coord - OUTPUT - CACHE CONTENT ON COORD  2  AFTER 1ST ARRIVAL OF REQ WITH Req._ID: 1 Req.ts: 1480993848.060239 , OBJECT:257:ATTRIBUTE:name:VERSION: RTS:1480993843.021577,WTS:0,PMR:[277222800864282619981710541551126864491],PMW:[]ATTRIBUTE:rcount:VERSION: RTS:0,WTS:0,PMR:[277222800864282619981710541551126864491],PMW:[277222800864282619981710541551126864491]ATTRIBUTE:wcount:VERSION: RTS:1480993843.021577,WTS:0,PMR:[],PMW:[]VERSION: RTS:1480993843.021577,WTS:1480993843.021577,PMR:[],PMW:[]ATTRIBUTE:type:VERSION: RTS:1480993843.021577,WTS:0,PMR:[277222800864282619981710541551126864491],PMW:[]
2016-12-05 22:10:48,065 - coord.Coord - OUTPUT - EXIT REQUEST received at  2  coordinator, which is resource coordinator: Req _ID: 1
Req ID: 277222800864282619981710541551126864491
Subject:
   Obj ID: 1
   Obj type: employee
Resource:
   Obj ID: 257
   Obj type: bank
action: read
ReadAttr Obj1: {'type': <common.Versions object at 0x1039e3e48>, 'history': <common.Versions object at 0x1039e3b00>}
ReadAttr Obj2: {}
updatedObj: -1
rdOnlyObj: -1
updates: []
decision: None

2016-12-05 22:10:48,066 - worker.Worker - OUTPUT - START WORKER: Req _ID: 1
Req ID: 277222800864282619981710541551126864491
Subject:
   Obj ID: 1
   Obj type: employee
Resource:
   Obj ID: 257
   Obj type: bank
action: read
ReadAttr Obj1: {'type': <common.Versions object at 0x1039f0198>, 'history': <common.Versions object at 0x1038baf28>}
ReadAttr Obj2: {}
updatedObj: -1
rdOnlyObj: -1
updates: []
decision: None

2016-12-05 22:10:48,067 - worker.Worker - OUTPUT - Proceeding to Work: %s Req _ID: 1
Req ID: 277222800864282619981710541551126864491
Subject:
   Obj ID: 1
   Obj type: employee
Resource:
   Obj ID: 257
   Obj type: bank
action: read
ReadAttr Obj1: {'type': <common.Versions object at 0x1039f0198>, 'history': <common.Versions object at 0x1038baf28>}
ReadAttr Obj2: {}
updatedObj: -1
rdOnlyObj: -1
updates: []
decision: None

2016-12-05 22:10:48,067 - worker.Worker - OUTPUT - READ FROM DB:  ['history', 'type', 'history']
2016-12-05 22:10:48,067 - worker.Worker - OUTPUT - READ FROM DB:  ['name', 'type']
2016-12-05 22:10:48,068 - worker.Worker - OUTPUT - Sending Read to Db: %s 1480993848.06023901
2016-12-05 22:10:48,069 - db.DB - OUTPUT - DB received request: %s 1480993848.06023901
2016-12-05 22:10:48,070 - worker.Worker - OUTPUT - Received response from Db: %s 1480993848.06023901
2016-12-05 22:10:48,070 - worker.Worker - OUTPUT - Sending Read to Db: %s 1480993848.06023902
2016-12-05 22:10:48,071 - db.DB - OUTPUT - DB received request: %s 1480993848.06023902
2016-12-05 22:10:48,072 - worker.Worker - OUTPUT - Received response from Db: %s 1480993848.06023902
2016-12-05 22:10:50,074 - worker.Worker - DEBUG - __process_event: message was stolen by another thread.
2016-12-05 22:10:50,075 - worker.Worker - OUTPUT - EXIT WORKER Result after evaluating %s rule/s: %s 0 Req _ID: 1
Req ID: 277222800864282619981710541551126864491
Subject:
   Obj ID: 1
   Obj type: employee
Resource:
   Obj ID: 257
   Obj type: bank
action: read
ReadAttr Obj1: {'type': <common.Versions object at 0x1039e3f28>, 'history': <common.Versions object at 0x101a38320>}
ReadAttr Obj2: {'name': <common.Versions object at 0x1039f04a8>, 'type': <common.Versions object at 0x1039f0748>}
updatedObj: 1
rdOnlyObj: 2
updates: {'history': 'BankA'}
decision: permit

2016-12-05 22:10:50,078 - coord.Coord - OUTPUT - START RESULT received at  1  coordinator, which is subject coordinator: Req _ID: 1
Req ID: 277222800864282619981710541551126864491
Subject:
   Obj ID: 1
   Obj type: employee
Resource:
   Obj ID: 257
   Obj type: bank
action: read
ReadAttr Obj1: {'type': <common.Versions object at 0x1039e4e80>, 'history': <common.Versions object at 0x1039e4940>}
ReadAttr Obj2: {'name': <common.Versions object at 0x1039e4f28>, 'type': <common.Versions object at 0x1039e4fd0>}
updatedObj: 1
rdOnlyObj: 2
updates: {'history': 'BankA'}
decision: permit

2016-12-05 22:10:50,079 - coord.Coord - OUTPUT - CACHE CONTENT ON COORD  1  AFTER 2ND ARRIVAL (BEFORE WAIT) OF REQ WITH Req._ID: 1 Req.ts: 1480993848.060239 , OBJECT:1:ATTRIBUTE:history:VERSION: RTS:1480993843.021577,WTS:0,PMR:[277222800864282619981710541551126864491],PMW:[277222800864282619981710541551126864491]ATTRIBUTE:type:VERSION: RTS:1480993843.021577,WTS:0,PMR:[277222800864282619981710541551126864491],PMW:[]
2016-12-05 22:10:50,079 - coord.Coord - OUTPUT - In checkForConflict: %s Req _ID: 1
Req ID: 277222800864282619981710541551126864491
Subject:
   Obj ID: 1
   Obj type: employee
Resource:
   Obj ID: 257
   Obj type: bank
action: read
ReadAttr Obj1: {'type': <common.Versions object at 0x1039e4e80>, 'history': <common.Versions object at 0x1039e4940>}
ReadAttr Obj2: {'name': <common.Versions object at 0x1039e4f28>, 'type': <common.Versions object at 0x1039e4fd0>}
updatedObj: 1
rdOnlyObj: 2
updates: {'history': 'BankA'}
decision: permit

2016-12-05 22:10:50,080 - coord.Coord - OUTPUT - Version: %s rts: 1480993843.021577
wts: 0
value: None
pendingMightRead: [277222800864282619981710541551126864491]
pendingMightWrite: [277222800864282619981710541551126864491]

2016-12-05 22:10:50,081 - coord.Coord - OUTPUT - In checkForConflict: %s Req _ID: 1
Req ID: 277222800864282619981710541551126864491
Subject:
   Obj ID: 1
   Obj type: employee
Resource:
   Obj ID: 257
   Obj type: bank
action: read
ReadAttr Obj1: {'type': <common.Versions object at 0x1039e4e80>, 'history': <common.Versions object at 0x1039e4940>}
ReadAttr Obj2: {'name': <common.Versions object at 0x1039e4f28>, 'type': <common.Versions object at 0x1039e4fd0>}
updatedObj: 1
rdOnlyObj: 2
updates: {'history': 'BankA'}
decision: permit

2016-12-05 22:10:50,082 - coord.Coord - OUTPUT - Version: %s rts: 1480993843.021577
wts: 0
value: None
pendingMightRead: [277222800864282619981710541551126864491]
pendingMightWrite: [277222800864282619981710541551126864491]

2016-12-05 22:10:50,082 - coord.Coord - OUTPUT - CACHE CONTENT ON COORD  1  AFTER 2ND ARRIVAL (AFTER WAIT) OF REQ WITH Req._ID: 1 Req.ts: 1480993848.060239 , OBJECT:1:ATTRIBUTE:history:VERSION: RTS:1480993843.021577,WTS:0,PMR:[277222800864282619981710541551126864491],PMW:[277222800864282619981710541551126864491]ATTRIBUTE:type:VERSION: RTS:1480993843.021577,WTS:0,PMR:[277222800864282619981710541551126864491],PMW:[]
2016-12-05 22:10:50,084 - coord.Coord - OUTPUT - Updating to CACHE in Result version: %s rts: 1480993848.060239
wts: 1480993848.060239
value: BankA
pendingMightRead: []
pendingMightWrite: []

2016-12-05 22:10:50,084 - coord.Coord - OUTPUT - No conflict:  rts: 1480993843.021577
wts: 0
value: None
pendingMightRead: [277222800864282619981710541551126864491]
pendingMightWrite: []

2016-12-05 22:10:50,085 - coord.Coord - OUTPUT - No conflict:  rts: 1480993843.021577
wts: 0
value: None
pendingMightRead: [277222800864282619981710541551126864491]
pendingMightWrite: [277222800864282619981710541551126864491]

2016-12-05 22:10:50,086 - coord.Coord - OUTPUT - REQ EVALUATION COMPLETED,SENDING RESPONSE TO CLIENT Req._ID: 1 Req.ts: 1480993848.060239 , OBJECT:1:ATTRIBUTE:history:VERSION: RTS:1480993848.060239,WTS:0,PMR:[],PMW:[277222800864282619981710541551126864491]VERSION: RTS:1480993848.060239,WTS:1480993848.060239,PMR:[],PMW:[]ATTRIBUTE:type:VERSION: RTS:1480993848.060239,WTS:0,PMR:[],PMW:[]
2016-12-05 22:10:50,089 - master.Client - OUTPUT - RESPONSE received by Client: %s Req _ID: 1
Req ID: 277222800864282619981710541551126864491
Subject:
   Obj ID: 1
   Obj type: employee
Resource:
   Obj ID: 257
   Obj type: bank
action: read
ReadAttr Obj1: {'type': <common.Versions object at 0x1038c04a8>, 'history': <common.Versions object at 0x1038b49e8>}
ReadAttr Obj2: {'name': <common.Versions object at 0x1038c0668>, 'type': <common.Versions object at 0x1038c05f8>}
updatedObj: 1
rdOnlyObj: 2
updates: {'history': 'BankA'}
decision: permit

2016-12-05 22:10:50,089 - coord.Coord - OUTPUT - EXIT RESULT received at  1  coordinator, which is subject coordinator: Req _ID: 1
Req ID: 277222800864282619981710541551126864491
Subject:
   Obj ID: 1
   Obj type: employee
Resource:
   Obj ID: 257
   Obj type: bank
action: read
ReadAttr Obj1: {'type': <common.Versions object at 0x1039e4e80>, 'history': <common.Versions object at 0x1039e4940>}
ReadAttr Obj2: {'name': <common.Versions object at 0x1039e4f28>, 'type': <common.Versions object at 0x1039e4fd0>}
updatedObj: 1
rdOnlyObj: 2
updates: {'history': 'BankA'}
decision: permit

2016-12-05 22:10:50,090 - master.Client - OUTPUT - client exiting
2016-12-05 22:10:50,091 - coord.Coord - OUTPUT - START READATTR request for object:  2 , Request:  Req _ID: 1
Req ID: 277222800864282619981710541551126864491
Subject:
   Obj ID: 1
   Obj type: employee
Resource:
   Obj ID: 257
   Obj type: bank
action: read
ReadAttr Obj1: {'type': <common.Versions object at 0x1039e3898>, 'history': <common.Versions object at 0x1038bad30>}
ReadAttr Obj2: {'name': <common.Versions object at 0x1039e3c18>, 'type': <common.Versions object at 0x1039e3978>}
updatedObj: 1
rdOnlyObj: 2
updates: {'history': 'BankA'}
decision: permit

2016-12-05 22:10:50,091 - coord.Coord - OUTPUT - ReadAttr mightRead :%s rts: 1480993843.021577
wts: 0
value: None
pendingMightRead: [277222800864282619981710541551126864491]
pendingMightWrite: []

2016-12-05 22:10:50,091 - coord.Coord - OUTPUT - BEFORE UPDATION: [<common.Versions object at 0x1039e3ef0>]
2016-12-05 22:10:50,092 - coord.Coord - OUTPUT - ReadAttr mightRead :%s rts: 1480993843.021577
wts: 0
value: None
pendingMightRead: [277222800864282619981710541551126864491]
pendingMightWrite: []

2016-12-05 22:10:50,092 - coord.Coord - OUTPUT - BEFORE UPDATION: [<common.Versions object at 0x1039f0048>]
2016-12-05 22:10:50,092 - coord.Coord - OUTPUT - ReadAttr mightRead :%s rts: 0
wts: 0
value: None
pendingMightRead: [277222800864282619981710541551126864491]
pendingMightWrite: [277222800864282619981710541551126864491]

2016-12-05 22:10:50,093 - coord.Coord - OUTPUT - ReadAttr mightWrite :%s rts: 0
wts: 0
value: None
pendingMightRead: []
pendingMightWrite: [277222800864282619981710541551126864491]

2016-12-05 22:10:50,091 - coord.Coord - OUTPUT - START READATTR request for object:  1 , Request:  Req _ID: 1
Req ID: 277222800864282619981710541551126864491
Subject:
   Obj ID: 1
   Obj type: employee
Resource:
   Obj ID: 257
   Obj type: bank
action: read
ReadAttr Obj1: {'type': <common.Versions object at 0x1039e4fd0>, 'history': <common.Versions object at 0x1039e4d30>}
ReadAttr Obj2: {'name': <common.Versions object at 0x1039e4f28>, 'type': <common.Versions object at 0x1039e4940>}
updatedObj: 1
rdOnlyObj: 2
updates: {'history': 'BankA'}
decision: permit

2016-12-05 22:10:50,094 - coord.Coord - OUTPUT - BEFORE UPDATION: [<common.Versions object at 0x1039e48d0>]
2016-12-05 22:10:50,094 - coord.Coord - OUTPUT - BEFORE UPDATION: [<common.Versions object at 0x1039e49b0>, <common.Versions object at 0x1039e4cf8>]
2016-12-05 22:10:50,094 - worker.Worker - OUTPUT - Worker exiting...
2016-12-05 22:10:50,093 - coord.Coord - OUTPUT - COORDINATOR CLEANING UP CHANGES on COORD  2  MADE BY COMPLETED REQ WITH Req._ID: 1 Req.ts: 1480993848.060239 , OBJECT:257:ATTRIBUTE:name:VERSION: RTS:1480993848.060239,WTS:0,PMR:[],PMW:[]ATTRIBUTE:rcount:VERSION: RTS:0,WTS:0,PMR:[],PMW:[]ATTRIBUTE:wcount:VERSION: RTS:1480993843.021577,WTS:0,PMR:[],PMW:[]VERSION: RTS:1480993843.021577,WTS:1480993843.021577,PMR:[],PMW:[]ATTRIBUTE:type:VERSION: RTS:1480993848.060239,WTS:0,PMR:[],PMW:[]
2016-12-05 22:10:50,095 - coord.Coord - OUTPUT - EXIT READATTR request for object:  2 , Request:  Req _ID: 1
Req ID: 277222800864282619981710541551126864491
Subject:
   Obj ID: 1
   Obj type: employee
Resource:
   Obj ID: 257
   Obj type: bank
action: read
ReadAttr Obj1: {'type': <common.Versions object at 0x1039e3898>, 'history': <common.Versions object at 0x1038bad30>}
ReadAttr Obj2: {'name': <common.Versions object at 0x1039e3c18>, 'type': <common.Versions object at 0x1039e3978>}
updatedObj: 1
rdOnlyObj: 2
updates: {'history': 'BankA'}
decision: permit

2016-12-05 22:10:50,095 - worker.Worker - OUTPUT - Worker exiting...
2016-12-05 22:10:50,096 - coord.Coord - OUTPUT - Coordinator Exiting...
2016-12-05 22:10:50,095 - coord.Coord - OUTPUT - ReadAttr mightWrite :%s rts: 1480993848.060239
wts: 0
value: None
pendingMightRead: []
pendingMightWrite: [277222800864282619981710541551126864491]

2016-12-05 22:10:50,097 - coord.Coord - OUTPUT - COORDINATOR CLEANING UP CHANGES on COORD  1  MADE BY COMPLETED REQ WITH Req._ID: 1 Req.ts: 1480993848.060239 , OBJECT:1:ATTRIBUTE:history:VERSION: RTS:1480993848.060239,WTS:0,PMR:[],PMW:[]VERSION: RTS:1480993848.060239,WTS:1480993848.060239,PMR:[],PMW:[]ATTRIBUTE:type:VERSION: RTS:1480993848.060239,WTS:0,PMR:[],PMW:[]
2016-12-05 22:10:50,099 - worker.Worker - OUTPUT - Worker exiting...
2016-12-05 22:10:50,100 - worker.Worker - OUTPUT - Worker exiting...
2016-12-05 22:10:50,100 - coord.Coord - OUTPUT - Coordinator Exiting...
2016-12-05 22:10:50,102 - worker.Worker - OUTPUT - Worker exiting...
2016-12-05 22:10:50,103 - worker.Worker - OUTPUT - Worker exiting...
2016-12-05 22:10:50,103 - coord.Coord - OUTPUT - Coordinator Exiting...
2016-12-05 22:10:50,103 - worker.Worker - OUTPUT - Worker exiting...
2016-12-05 22:10:50,106 - worker.Worker - OUTPUT - Worker exiting...
2016-12-05 22:10:50,106 - coord.Coord - OUTPUT - Coordinator Exiting...
2016-12-05 22:10:50,106 - worker.Worker - OUTPUT - Worker exiting...
2016-12-05 22:10:50,109 - coord.Coord - OUTPUT - Coordinator Exiting...
2016-12-05 22:10:50,108 - worker.Worker - OUTPUT - Worker exiting...
2016-12-05 22:10:50,109 - db.DB - OUTPUT - ----------------DATABASE CONTENT----------------
2016-12-05 22:10:50,099 - worker.Worker - OUTPUT - Worker exiting...
2016-12-05 22:10:50,110 - db.DB - OUTPUT - OBJECT 1:=ATTRIBUTE name:VERSION wts=1480993843.000996 value=Tom,ATTRIBUTE type:VERSION wts=1480993843.000996 value=employee,ATTRIBUTE history:VERSION wts=1480993843.000996 value=,VERSION wts=1480993848.060239 value=BankA,OBJECT 2:=ATTRIBUTE name:VERSION wts=1480993843.000996 value=Jack,ATTRIBUTE type:VERSION wts=1480993843.000996 value=employee,ATTRIBUTE history:VERSION wts=1480993843.000996 value=,OBJECT 3:=ATTRIBUTE name:VERSION wts=1480993843.000996 value=Sahil,ATTRIBUTE type:VERSION wts=1480993843.000996 value=employee,ATTRIBUTE history:VERSION wts=1480993843.000996 value=BankB,OBJECT 258:=ATTRIBUTE name:VERSION wts=1480993843.000996 value=BankB,ATTRIBUTE type:VERSION wts=1480993843.000996 value=bank,ATTRIBUTE wcount:VERSION wts=1480993843.000996 value=1,ATTRIBUTE rcount:VERSION wts=1480993843.000996 value=1,OBJECT 257:=ATTRIBUTE name:VERSION wts=1480993843.000996 value=BankA,ATTRIBUTE type:VERSION wts=1480993843.000996 value=bank,ATTRIBUTE wcount:VERSION wts=1480993843.000996 value=0,VERSION wts=1480993843.021577 value=1,ATTRIBUTE rcount:VERSION wts=1480993843.000996 value=0,
2016-12-05 22:10:50,114 - db.DB - OUTPUT - ------------------------------------------------
2016-12-05 22:10:50,115 - db.DB - OUTPUT - Database process exiting...
2016-12-05 22:10:50,118 - worker.Worker - OUTPUT - Worker exiting...
2016-12-05 22:10:50,098 - coord.Coord - OUTPUT - EXIT READATTR request for object:  1 , Request:  Req _ID: 1
Req ID: 277222800864282619981710541551126864491
Subject:
   Obj ID: 1
   Obj type: employee
Resource:
   Obj ID: 257
   Obj type: bank
action: read
ReadAttr Obj1: {'type': <common.Versions object at 0x1039e4fd0>, 'history': <common.Versions object at 0x1039e4d30>}
ReadAttr Obj2: {'name': <common.Versions object at 0x1039e4f28>, 'type': <common.Versions object at 0x1039e4940>}
updatedObj: 1
rdOnlyObj: 2
updates: {'history': 'BankA'}
decision: permit

2016-12-05 22:10:50,123 - coord.Coord - OUTPUT - Coordinator Exiting...
