2016-12-05 17:00:27,447 - master.Node_ - DEBUG - Creating instances of <class 'master.Client'> using 'process'
2016-12-05 17:00:27,457 - master.Client - DEBUG - Delayed start.
2016-12-05 17:00:27,484 - master.Node_ - DEBUG - 1 instances of <class 'master.Client'> created.
2016-12-05 17:00:27,485 - master.Node_ - DEBUG - Creating instances of <class 'coord.Coord'> using 'process'
2016-12-05 17:00:27,499 - coord.Coord - DEBUG - Delayed start.
2016-12-05 17:00:27,510 - coord.Coord - DEBUG - Delayed start.
2016-12-05 17:00:27,523 - coord.Coord - DEBUG - Delayed start.
2016-12-05 17:00:27,536 - coord.Coord - DEBUG - Delayed start.
2016-12-05 17:00:27,549 - coord.Coord - DEBUG - Delayed start.
2016-12-05 17:00:27,564 - coord.Coord - DEBUG - Delayed start.
2016-12-05 17:00:27,572 - master.Node_ - DEBUG - 6 instances of <class 'coord.Coord'> created.
2016-12-05 17:00:27,573 - master.Node_ - DEBUG - Creating instances of <class 'worker.Worker'> using 'process'
2016-12-05 17:00:27,582 - worker.Worker - DEBUG - Delayed start.
2016-12-05 17:00:27,594 - worker.Worker - DEBUG - Delayed start.
2016-12-05 17:00:27,607 - worker.Worker - DEBUG - Delayed start.
2016-12-05 17:00:27,620 - worker.Worker - DEBUG - Delayed start.
2016-12-05 17:00:27,636 - worker.Worker - DEBUG - Delayed start.
2016-12-05 17:00:27,648 - worker.Worker - DEBUG - Delayed start.
2016-12-05 17:00:27,661 - worker.Worker - DEBUG - Delayed start.
2016-12-05 17:00:27,675 - worker.Worker - DEBUG - Delayed start.
2016-12-05 17:00:27,688 - worker.Worker - DEBUG - Delayed start.
2016-12-05 17:00:27,702 - worker.Worker - DEBUG - Delayed start.
2016-12-05 17:00:27,716 - worker.Worker - DEBUG - Delayed start.
2016-12-05 17:00:27,729 - worker.Worker - DEBUG - Delayed start.
2016-12-05 17:00:27,735 - master.Node_ - DEBUG - 12 instances of <class 'worker.Worker'> created.
2016-12-05 17:00:27,735 - master.Node_ - DEBUG - Creating instances of <class 'db.DB'> using 'process'
2016-12-05 17:00:27,744 - db.DB - DEBUG - Delayed start.
2016-12-05 17:00:27,749 - master.Node_ - DEBUG - 1 instances of <class 'db.DB'> created.
2016-12-05 17:00:27,750 - master.Node_ - DEBUG - Creating instances of <class 'master.clEND'> using 'process'
2016-12-05 17:00:27,759 - master.clEND - DEBUG - Delayed start.
2016-12-05 17:00:27,764 - master.Node_ - DEBUG - 1 instances of <class 'master.clEND'> created.
2016-12-05 17:00:27,767 - master.clEND - DEBUG - Running `setup` with args (126100851923091462, ([<Coord:e8404>, <Coord:e8408>, <Coord:e8406>, <Coord:e8407>, <Coord:e8403>, <Coord:e8405>], [<DB:e8415>], [<Worker:e840d>, <Worker:e8414>, <Worker:e8412>, <Worker:e840a>, <Worker:e8410>, <Worker:e840f>, <Worker:e8411>, <Worker:e8413>, <Worker:e8409>, <Worker:e840c>, <Worker:e840e>, <Worker:e840b>], [<Client:e8402>])).
2016-12-05 17:00:27,768 - master.clEND - DEBUG - `setup` complete.
2016-12-05 17:00:27,770 - db.DB - DEBUG - Running `setup` with args (126100851923091463, (1,)).
2016-12-05 17:00:27,771 - db.DB - DEBUG - `setup` complete.
2016-12-05 17:00:27,774 - worker.Worker - DEBUG - Running `setup` with args (126100851923091464, ([<Coord:e8404>, <Coord:e8408>, <Coord:e8406>, <Coord:e8407>, <Coord:e8403>, <Coord:e8405>], [<DB:e8415>], 1)).
2016-12-05 17:00:27,774 - worker.Worker - DEBUG - `setup` complete.
2016-12-05 17:00:27,775 - worker.Worker - DEBUG - Running `setup` with args (126100851923091464, ([<Coord:e8404>, <Coord:e8408>, <Coord:e8406>, <Coord:e8407>, <Coord:e8403>, <Coord:e8405>], [<DB:e8415>], 1)).
2016-12-05 17:00:27,776 - worker.Worker - DEBUG - `setup` complete.
2016-12-05 17:00:27,777 - worker.Worker - DEBUG - Running `setup` with args (126100851923091464, ([<Coord:e8404>, <Coord:e8408>, <Coord:e8406>, <Coord:e8407>, <Coord:e8403>, <Coord:e8405>], [<DB:e8415>], 1)).
2016-12-05 17:00:27,778 - worker.Worker - DEBUG - `setup` complete.
2016-12-05 17:00:27,778 - worker.Worker - DEBUG - Running `setup` with args (126100851923091464, ([<Coord:e8404>, <Coord:e8408>, <Coord:e8406>, <Coord:e8407>, <Coord:e8403>, <Coord:e8405>], [<DB:e8415>], 1)).
2016-12-05 17:00:27,779 - worker.Worker - DEBUG - `setup` complete.
2016-12-05 17:00:27,780 - worker.Worker - DEBUG - Running `setup` with args (126100851923091464, ([<Coord:e8404>, <Coord:e8408>, <Coord:e8406>, <Coord:e8407>, <Coord:e8403>, <Coord:e8405>], [<DB:e8415>], 1)).
2016-12-05 17:00:27,781 - worker.Worker - DEBUG - `setup` complete.
2016-12-05 17:00:27,781 - worker.Worker - DEBUG - Running `setup` with args (126100851923091464, ([<Coord:e8404>, <Coord:e8408>, <Coord:e8406>, <Coord:e8407>, <Coord:e8403>, <Coord:e8405>], [<DB:e8415>], 1)).
2016-12-05 17:00:27,782 - worker.Worker - DEBUG - `setup` complete.
2016-12-05 17:00:27,784 - worker.Worker - DEBUG - Running `setup` with args (126100851923091464, ([<Coord:e8404>, <Coord:e8408>, <Coord:e8406>, <Coord:e8407>, <Coord:e8403>, <Coord:e8405>], [<DB:e8415>], 1)).
2016-12-05 17:00:27,785 - worker.Worker - DEBUG - `setup` complete.
2016-12-05 17:00:27,786 - worker.Worker - DEBUG - Running `setup` with args (126100851923091464, ([<Coord:e8404>, <Coord:e8408>, <Coord:e8406>, <Coord:e8407>, <Coord:e8403>, <Coord:e8405>], [<DB:e8415>], 1)).
2016-12-05 17:00:27,787 - worker.Worker - DEBUG - `setup` complete.
2016-12-05 17:00:27,787 - worker.Worker - DEBUG - Running `setup` with args (126100851923091464, ([<Coord:e8404>, <Coord:e8408>, <Coord:e8406>, <Coord:e8407>, <Coord:e8403>, <Coord:e8405>], [<DB:e8415>], 1)).
2016-12-05 17:00:27,788 - worker.Worker - DEBUG - `setup` complete.
2016-12-05 17:00:27,789 - worker.Worker - DEBUG - Running `setup` with args (126100851923091464, ([<Coord:e8404>, <Coord:e8408>, <Coord:e8406>, <Coord:e8407>, <Coord:e8403>, <Coord:e8405>], [<DB:e8415>], 1)).
2016-12-05 17:00:27,790 - worker.Worker - DEBUG - `setup` complete.
2016-12-05 17:00:27,791 - worker.Worker - DEBUG - Running `setup` with args (126100851923091464, ([<Coord:e8404>, <Coord:e8408>, <Coord:e8406>, <Coord:e8407>, <Coord:e8403>, <Coord:e8405>], [<DB:e8415>], 1)).
2016-12-05 17:00:27,792 - worker.Worker - DEBUG - `setup` complete.
2016-12-05 17:00:27,793 - worker.Worker - DEBUG - Running `setup` with args (126100851923091464, ([<Coord:e8404>, <Coord:e8408>, <Coord:e8406>, <Coord:e8407>, <Coord:e8403>, <Coord:e8405>], [<DB:e8415>], 1)).
2016-12-05 17:00:27,793 - worker.Worker - DEBUG - `setup` complete.
2016-12-05 17:00:27,796 - coord.Coord - DEBUG - Running `setup` with args (126100851923091465, ([<Coord:e8404>, <Coord:e8408>, <Coord:e8406>, <Coord:e8407>, <Coord:e8403>, <Coord:e8405>], [<Worker:e840d>, <Worker:e8414>, <Worker:e8412>, <Worker:e840a>, <Worker:e8410>, <Worker:e840f>, <Worker:e8411>, <Worker:e8413>, <Worker:e8409>, <Worker:e840c>, <Worker:e840e>, <Worker:e840b>], [<DB:e8415>], 1)).
2016-12-05 17:00:27,797 - coord.Coord - DEBUG - `setup` complete.
2016-12-05 17:00:27,798 - coord.Coord - DEBUG - Running `setup` with args (126100851923091465, ([<Coord:e8404>, <Coord:e8408>, <Coord:e8406>, <Coord:e8407>, <Coord:e8403>, <Coord:e8405>], [<Worker:e840d>, <Worker:e8414>, <Worker:e8412>, <Worker:e840a>, <Worker:e8410>, <Worker:e840f>, <Worker:e8411>, <Worker:e8413>, <Worker:e8409>, <Worker:e840c>, <Worker:e840e>, <Worker:e840b>], [<DB:e8415>], 1)).
2016-12-05 17:00:27,799 - coord.Coord - DEBUG - `setup` complete.
2016-12-05 17:00:27,801 - coord.Coord - DEBUG - Running `setup` with args (126100851923091465, ([<Coord:e8404>, <Coord:e8408>, <Coord:e8406>, <Coord:e8407>, <Coord:e8403>, <Coord:e8405>], [<Worker:e840d>, <Worker:e8414>, <Worker:e8412>, <Worker:e840a>, <Worker:e8410>, <Worker:e840f>, <Worker:e8411>, <Worker:e8413>, <Worker:e8409>, <Worker:e840c>, <Worker:e840e>, <Worker:e840b>], [<DB:e8415>], 1)).
2016-12-05 17:00:27,802 - coord.Coord - DEBUG - `setup` complete.
2016-12-05 17:00:27,805 - coord.Coord - DEBUG - Running `setup` with args (126100851923091465, ([<Coord:e8404>, <Coord:e8408>, <Coord:e8406>, <Coord:e8407>, <Coord:e8403>, <Coord:e8405>], [<Worker:e840d>, <Worker:e8414>, <Worker:e8412>, <Worker:e840a>, <Worker:e8410>, <Worker:e840f>, <Worker:e8411>, <Worker:e8413>, <Worker:e8409>, <Worker:e840c>, <Worker:e840e>, <Worker:e840b>], [<DB:e8415>], 1)).
2016-12-05 17:00:27,806 - coord.Coord - DEBUG - `setup` complete.
2016-12-05 17:00:27,807 - coord.Coord - DEBUG - Running `setup` with args (126100851923091465, ([<Coord:e8404>, <Coord:e8408>, <Coord:e8406>, <Coord:e8407>, <Coord:e8403>, <Coord:e8405>], [<Worker:e840d>, <Worker:e8414>, <Worker:e8412>, <Worker:e840a>, <Worker:e8410>, <Worker:e840f>, <Worker:e8411>, <Worker:e8413>, <Worker:e8409>, <Worker:e840c>, <Worker:e840e>, <Worker:e840b>], [<DB:e8415>], 1)).
2016-12-05 17:00:27,808 - coord.Coord - DEBUG - `setup` complete.
2016-12-05 17:00:27,810 - coord.Coord - DEBUG - Running `setup` with args (126100851923091465, ([<Coord:e8404>, <Coord:e8408>, <Coord:e8406>, <Coord:e8407>, <Coord:e8403>, <Coord:e8405>], [<Worker:e840d>, <Worker:e8414>, <Worker:e8412>, <Worker:e840a>, <Worker:e8410>, <Worker:e840f>, <Worker:e8411>, <Worker:e8413>, <Worker:e8409>, <Worker:e840c>, <Worker:e840e>, <Worker:e840b>], [<DB:e8415>], 1)).
2016-12-05 17:00:27,811 - coord.Coord - DEBUG - `setup` complete.
2016-12-05 17:00:27,815 - master.Client - DEBUG - Running `setup` with args (126100851923091466, ([<Coord:e8404>, <Coord:e8408>, <Coord:e8406>, <Coord:e8407>, <Coord:e8403>, <Coord:e8405>], {<clEND:e8416>}, 1)).
2016-12-05 17:00:27,815 - master.Client - DEBUG - `setup` complete.
2016-12-05 17:00:27,817 - master.clEND - DEBUG - `start` command received, commencing...
2016-12-05 17:00:27,819 - db.DB - DEBUG - `start` command received, commencing...
2016-12-05 17:00:27,821 - worker.Worker - DEBUG - `start` command received, commencing...
2016-12-05 17:00:27,821 - worker.Worker - DEBUG - `start` command received, commencing...
2016-12-05 17:00:27,821 - worker.Worker - DEBUG - `start` command received, commencing...
2016-12-05 17:00:27,822 - worker.Worker - DEBUG - `start` command received, commencing...
2016-12-05 17:00:27,823 - worker.Worker - DEBUG - `start` command received, commencing...
2016-12-05 17:00:27,823 - worker.Worker - DEBUG - `start` command received, commencing...
2016-12-05 17:00:27,824 - worker.Worker - DEBUG - `start` command received, commencing...
2016-12-05 17:00:27,825 - worker.Worker - DEBUG - `start` command received, commencing...
2016-12-05 17:00:27,825 - worker.Worker - DEBUG - `start` command received, commencing...
2016-12-05 17:00:27,826 - worker.Worker - DEBUG - `start` command received, commencing...
2016-12-05 17:00:27,826 - worker.Worker - DEBUG - `start` command received, commencing...
2016-12-05 17:00:27,827 - worker.Worker - DEBUG - `start` command received, commencing...
2016-12-05 17:00:27,828 - coord.Coord - DEBUG - `start` command received, commencing...
2016-12-05 17:00:27,829 - coord.Coord - DEBUG - `start` command received, commencing...
2016-12-05 17:00:27,829 - coord.Coord - DEBUG - `start` command received, commencing...
2016-12-05 17:00:27,829 - coord.Coord - DEBUG - `start` command received, commencing...
2016-12-05 17:00:27,831 - coord.Coord - DEBUG - `start` command received, commencing...
2016-12-05 17:00:27,831 - coord.Coord - DEBUG - `start` command received, commencing...
2016-12-05 17:00:27,833 - master.Client - DEBUG - `start` command received, commencing...
2016-12-05 17:00:27,837 - coord.Coord - OUTPUT - Request received at  1  coordinator, which is subject coordinator: Req _ID: 1
Req ID: 3621040512968127503573351988126884641
Subject:
   Obj ID: 1
   Obj type: employee
Resource:
   Obj ID: 257
   Obj type: bank
action: read
ReadAttr Obj1: {}
ReadAttr Obj2: {}
updatedObj: -1
rdOnlyObj: -1
updates: []
decision: None

2016-12-05 17:00:27,837 - coord.Coord - OUTPUT - Start waiting before proceeding to work: %s Req _ID: 1
Req ID: 3621040512968127503573351988126884641
Subject:
   Obj ID: 1
   Obj type: employee
Resource:
   Obj ID: 257
   Obj type: bank
action: read
ReadAttr Obj1: {}
ReadAttr Obj2: {}
updatedObj: -1
rdOnlyObj: -1
updates: []
decision: None

2016-12-05 17:00:27,837 - coord.Coord - OUTPUT - Request received at  1  coordinator, which is subject coordinator: Req _ID: 2
Req ID: 323736555728194479225079011866167425490
Subject:
   Obj ID: 2
   Obj type: employee
Resource:
   Obj ID: 257
   Obj type: bank
action: read
ReadAttr Obj1: {}
ReadAttr Obj2: {}
updatedObj: -1
rdOnlyObj: -1
updates: []
decision: None

2016-12-05 17:00:27,838 - coord.Coord - OUTPUT - Stop waiting before proceeding to work: %s Req _ID: 1
Req ID: 3621040512968127503573351988126884641
Subject:
   Obj ID: 1
   Obj type: employee
Resource:
   Obj ID: 257
   Obj type: bank
action: read
ReadAttr Obj1: {}
ReadAttr Obj2: {}
updatedObj: -1
rdOnlyObj: -1
updates: []
decision: None

2016-12-05 17:00:27,838 - coord.Coord - OUTPUT - Start waiting before proceeding to work: %s Req _ID: 2
Req ID: 323736555728194479225079011866167425490
Subject:
   Obj ID: 2
   Obj type: employee
Resource:
   Obj ID: 257
   Obj type: bank
action: read
ReadAttr Obj1: {}
ReadAttr Obj2: {}
updatedObj: -1
rdOnlyObj: -1
updates: []
decision: None

2016-12-05 17:00:27,838 - coord.Coord - OUTPUT - CACHE CONTENT ON COORD  1  AFTER 1ST ARRIVAL OF REQ WITH Req._ID: 1 Req.ts: 1480975227.837635 , OBJECT:1:ATTRIBUTE:type:VERSION: RTS:0,WTS:0,PMR:[3621040512968127503573351988126884641],PMW:[]ATTRIBUTE:history:VERSION: RTS:0,WTS:0,PMR:[3621040512968127503573351988126884641],PMW:[]
2016-12-05 17:00:27,838 - coord.Coord - OUTPUT - Stop waiting before proceeding to work: %s Req _ID: 2
Req ID: 323736555728194479225079011866167425490
Subject:
   Obj ID: 2
   Obj type: employee
Resource:
   Obj ID: 257
   Obj type: bank
action: read
ReadAttr Obj1: {}
ReadAttr Obj2: {}
updatedObj: -1
rdOnlyObj: -1
updates: []
decision: None

2016-12-05 17:00:27,839 - coord.Coord - OUTPUT - CACHE CONTENT ON COORD  1  AFTER 1ST ARRIVAL OF REQ WITH Req._ID: 2 Req.ts: 1480975227.838246 , OBJECT:2:ATTRIBUTE:type:VERSION: RTS:0,WTS:0,PMR:[323736555728194479225079011866167425490],PMW:[]ATTRIBUTE:history:VERSION: RTS:0,WTS:0,PMR:[323736555728194479225079011866167425490],PMW:[]
2016-12-05 17:00:27,841 - coord.Coord - OUTPUT - Request received at  2  coordinator, which is resource coordinator: Req _ID: 1
Req ID: 3621040512968127503573351988126884641
Subject:
   Obj ID: 1
   Obj type: employee
Resource:
   Obj ID: 257
   Obj type: bank
action: read
ReadAttr Obj1: {}
ReadAttr Obj2: {}
updatedObj: -1
rdOnlyObj: -1
updates: []
decision: None

2016-12-05 17:00:27,841 - coord.Coord - OUTPUT - Start waiting before proceeding to work: %s Req _ID: 1
Req ID: 3621040512968127503573351988126884641
Subject:
   Obj ID: 1
   Obj type: employee
Resource:
   Obj ID: 257
   Obj type: bank
action: read
ReadAttr Obj1: {}
ReadAttr Obj2: {}
updatedObj: -1
rdOnlyObj: -1
updates: []
decision: None

2016-12-05 17:00:27,842 - coord.Coord - OUTPUT - Stop waiting before proceeding to work: %s Req _ID: 1
Req ID: 3621040512968127503573351988126884641
Subject:
   Obj ID: 1
   Obj type: employee
Resource:
   Obj ID: 257
   Obj type: bank
action: read
ReadAttr Obj1: {}
ReadAttr Obj2: {}
updatedObj: -1
rdOnlyObj: -1
updates: []
decision: None

2016-12-05 17:00:27,842 - coord.Coord - OUTPUT - CACHE CONTENT ON COORD  2  AFTER 1ST ARRIVAL OF REQ WITH Req._ID: 1 Req.ts: 1480975227.837635 , OBJECT:257:ATTRIBUTE:name:VERSION: RTS:0,WTS:0,PMR:[3621040512968127503573351988126884641],PMW:[]ATTRIBUTE:type:VERSION: RTS:0,WTS:0,PMR:[3621040512968127503573351988126884641],PMW:[]ATTRIBUTE:count:VERSION: RTS:0,WTS:0,PMR:[3621040512968127503573351988126884641],PMW:[]
2016-12-05 17:00:27,844 - coord.Coord - OUTPUT - Request received at  2  coordinator, which is resource coordinator: Req _ID: 2
Req ID: 323736555728194479225079011866167425490
Subject:
   Obj ID: 2
   Obj type: employee
Resource:
   Obj ID: 257
   Obj type: bank
action: read
ReadAttr Obj1: {}
ReadAttr Obj2: {}
updatedObj: -1
rdOnlyObj: -1
updates: []
decision: None

2016-12-05 17:00:27,844 - coord.Coord - OUTPUT - Start waiting before proceeding to work: %s Req _ID: 2
Req ID: 323736555728194479225079011866167425490
Subject:
   Obj ID: 2
   Obj type: employee
Resource:
   Obj ID: 257
   Obj type: bank
action: read
ReadAttr Obj1: {}
ReadAttr Obj2: {}
updatedObj: -1
rdOnlyObj: -1
updates: []
decision: None

2016-12-05 17:00:27,845 - coord.Coord - OUTPUT - Stop waiting before proceeding to work: %s Req _ID: 2
Req ID: 323736555728194479225079011866167425490
Subject:
   Obj ID: 2
   Obj type: employee
Resource:
   Obj ID: 257
   Obj type: bank
action: read
ReadAttr Obj1: {}
ReadAttr Obj2: {}
updatedObj: -1
rdOnlyObj: -1
updates: []
decision: None

2016-12-05 17:00:27,845 - coord.Coord - OUTPUT - CACHE CONTENT ON COORD  2  AFTER 1ST ARRIVAL OF REQ WITH Req._ID: 2 Req.ts: 1480975227.838246 , OBJECT:257:ATTRIBUTE:name:VERSION: RTS:0,WTS:0,PMR:[3621040512968127503573351988126884641, 323736555728194479225079011866167425490],PMW:[]ATTRIBUTE:type:VERSION: RTS:0,WTS:0,PMR:[3621040512968127503573351988126884641, 323736555728194479225079011866167425490],PMW:[]ATTRIBUTE:count:VERSION: RTS:0,WTS:0,PMR:[3621040512968127503573351988126884641, 323736555728194479225079011866167425490],PMW:[]
2016-12-05 17:00:27,845 - worker.Worker - OUTPUT - Request received by worker: Req _ID: 1
Req ID: 3621040512968127503573351988126884641
Subject:
   Obj ID: 1
   Obj type: employee
Resource:
   Obj ID: 257
   Obj type: bank
action: read
ReadAttr Obj1: {}
ReadAttr Obj2: {}
updatedObj: -1
rdOnlyObj: -1
updates: []
decision: None

2016-12-05 17:00:27,847 - worker.Worker - OUTPUT - Proceeding to Work: %s Req _ID: 1
Req ID: 3621040512968127503573351988126884641
Subject:
   Obj ID: 1
   Obj type: employee
Resource:
   Obj ID: 257
   Obj type: bank
action: read
ReadAttr Obj1: {}
ReadAttr Obj2: {}
updatedObj: -1
rdOnlyObj: -1
updates: []
decision: None

2016-12-05 17:00:27,847 - worker.Worker - OUTPUT - READ FROM DB:  ['type', 'history', 'history']
2016-12-05 17:00:27,847 - worker.Worker - OUTPUT - READ FROM DB:  ['name', 'type']
2016-12-05 17:00:27,848 - worker.Worker - OUTPUT - Sending Read to Db: %s 1480975227.83763501
2016-12-05 17:00:27,848 - worker.Worker - OUTPUT - Request received by worker: Req _ID: 2
Req ID: 323736555728194479225079011866167425490
Subject:
   Obj ID: 2
   Obj type: employee
Resource:
   Obj ID: 257
   Obj type: bank
action: read
ReadAttr Obj1: {}
ReadAttr Obj2: {}
updatedObj: -1
rdOnlyObj: -1
updates: []
decision: None

2016-12-05 17:00:27,850 - worker.Worker - OUTPUT - Proceeding to Work: %s Req _ID: 2
Req ID: 323736555728194479225079011866167425490
Subject:
   Obj ID: 2
   Obj type: employee
Resource:
   Obj ID: 257
   Obj type: bank
action: read
ReadAttr Obj1: {}
ReadAttr Obj2: {}
updatedObj: -1
rdOnlyObj: -1
updates: []
decision: None

2016-12-05 17:00:27,850 - db.DB - OUTPUT - DB received request: %s 1480975227.83763501
2016-12-05 17:00:27,850 - worker.Worker - OUTPUT - READ FROM DB:  ['type', 'history', 'history']
2016-12-05 17:00:27,851 - worker.Worker - OUTPUT - READ FROM DB:  ['name', 'type']
2016-12-05 17:00:27,851 - worker.Worker - OUTPUT - Sending Read to Db: %s 1480975227.83824601
2016-12-05 17:00:27,852 - worker.Worker - OUTPUT - Received response from Db: %s 1480975227.83763501
2016-12-05 17:00:27,852 - worker.Worker - OUTPUT - Sending Read to Db: %s 1480975227.83763502
2016-12-05 17:00:27,852 - db.DB - OUTPUT - DB received request: %s 1480975227.83824601
2016-12-05 17:00:27,853 - worker.Worker - OUTPUT - Received response from Db: %s 1480975227.83824601
2016-12-05 17:00:27,853 - db.DB - OUTPUT - DB received request: %s 1480975227.83763502
2016-12-05 17:00:27,854 - worker.Worker - OUTPUT - Sending Read to Db: %s 1480975227.83824602
2016-12-05 17:00:27,855 - worker.Worker - OUTPUT - Received response from Db: %s 1480975227.83763502
2016-12-05 17:00:27,855 - db.DB - OUTPUT - DB received request: %s 1480975227.83824602
2016-12-05 17:00:27,855 - worker.Worker - OUTPUT - READ FROM DB:  ['type', 'history']
2016-12-05 17:00:27,855 - worker.Worker - OUTPUT - READ FROM DB:  ['name', 'type', 'count', 'count']
2016-12-05 17:00:27,856 - worker.Worker - OUTPUT - Sending Read to Db: %s 1480975227.83763511
2016-12-05 17:00:27,856 - worker.Worker - OUTPUT - Received response from Db: %s 1480975227.83824602
2016-12-05 17:00:27,856 - worker.Worker - OUTPUT - Result after evaluating %s rule/s: %s 0 Req _ID: 2
Req ID: 323736555728194479225079011866167425490
Subject:
   Obj ID: 2
   Obj type: employee
Resource:
   Obj ID: 257
   Obj type: bank
action: read
ReadAttr Obj1: {'type': <common.Versions object at 0x1031ebe10>, 'history': <common.Versions object at 0x1031f2588>}
ReadAttr Obj2: {'name': <common.Versions object at 0x1031eb240>, 'type': <common.Versions object at 0x1031f2470>}
updatedObj: 1
rdOnlyObj: 2
updates: {'history': 'BankA'}
decision: permit

2016-12-05 17:00:27,857 - db.DB - OUTPUT - DB received request: %s 1480975227.83763511
2016-12-05 17:00:27,858 - worker.Worker - OUTPUT - Received response from Db: %s 1480975227.83763511
2016-12-05 17:00:27,859 - worker.Worker - OUTPUT - Sending Read to Db: %s 1480975227.83763512
2016-12-05 17:00:27,859 - coord.Coord - OUTPUT - Entering CACHE: %s and Results: %s {2: {'type': [<common.Versions object at 0x1031eb080>], 'history': [<common.Versions object at 0x1031eb198>]}} Req _ID: 2
Req ID: 323736555728194479225079011866167425490
Subject:
   Obj ID: 2
   Obj type: employee
Resource:
   Obj ID: 257
   Obj type: bank
action: read
ReadAttr Obj1: {'type': <common.Versions object at 0x1031eb5c0>, 'history': <common.Versions object at 0x1031eb588>}
ReadAttr Obj2: {'name': <common.Versions object at 0x1031eb550>, 'type': <common.Versions object at 0x1031eb4e0>}
updatedObj: 1
rdOnlyObj: 2
updates: {'history': 'BankA'}
decision: permit

2016-12-05 17:00:27,859 - coord.Coord - OUTPUT - Result received at  1  coordinator, which is subject coordinator: Req _ID: 2
Req ID: 323736555728194479225079011866167425490
Subject:
   Obj ID: 2
   Obj type: employee
Resource:
   Obj ID: 257
   Obj type: bank
action: read
ReadAttr Obj1: {'type': <common.Versions object at 0x1031eb5c0>, 'history': <common.Versions object at 0x1031eb588>}
ReadAttr Obj2: {'name': <common.Versions object at 0x1031eb550>, 'type': <common.Versions object at 0x1031eb4e0>}
updatedObj: 1
rdOnlyObj: 2
updates: {'history': 'BankA'}
decision: permit

2016-12-05 17:00:27,859 - coord.Coord - OUTPUT - CACHE CONTENT ON COORD  1  AFTER 2ND ARRIVAL (BEFORE WAIT) OF REQ WITH Req._ID: 2 Req.ts: 1480975227.838246 , OBJECT:2:ATTRIBUTE:type:VERSION: RTS:0,WTS:0,PMR:[323736555728194479225079011866167425490],PMW:[]ATTRIBUTE:history:VERSION: RTS:0,WTS:0,PMR:[323736555728194479225079011866167425490],PMW:[]
2016-12-05 17:00:27,860 - db.DB - OUTPUT - DB received request: %s 1480975227.83763512
2016-12-05 17:00:27,860 - coord.Coord - OUTPUT - In checkForConflict: %s Req _ID: 2
Req ID: 323736555728194479225079011866167425490
Subject:
   Obj ID: 2
   Obj type: employee
Resource:
   Obj ID: 257
   Obj type: bank
action: read
ReadAttr Obj1: {'type': <common.Versions object at 0x1031eb5c0>, 'history': <common.Versions object at 0x1031eb588>}
ReadAttr Obj2: {'name': <common.Versions object at 0x1031eb550>, 'type': <common.Versions object at 0x1031eb4e0>}
updatedObj: 1
rdOnlyObj: 2
updates: {'history': 'BankA'}
decision: permit

2016-12-05 17:00:27,860 - coord.Coord - OUTPUT - Version: %s rts: 0
wts: 0
value: None
pendingMightRead: [323736555728194479225079011866167425490]
pendingMightWrite: []

2016-12-05 17:00:27,861 - coord.Coord - OUTPUT - In checkForConflict: %s Req _ID: 2
Req ID: 323736555728194479225079011866167425490
Subject:
   Obj ID: 2
   Obj type: employee
Resource:
   Obj ID: 257
   Obj type: bank
action: read
ReadAttr Obj1: {'type': <common.Versions object at 0x1031eb5c0>, 'history': <common.Versions object at 0x1031eb588>}
ReadAttr Obj2: {'name': <common.Versions object at 0x1031eb550>, 'type': <common.Versions object at 0x1031eb4e0>}
updatedObj: 1
rdOnlyObj: 2
updates: {'history': 'BankA'}
decision: permit

2016-12-05 17:00:27,861 - worker.Worker - OUTPUT - Received response from Db: %s 1480975227.83763512
2016-12-05 17:00:27,861 - coord.Coord - OUTPUT - Version: %s rts: 0
wts: 0
value: None
pendingMightRead: [323736555728194479225079011866167425490]
pendingMightWrite: [323736555728194479225079011866167425490]

2016-12-05 17:00:27,861 - coord.Coord - OUTPUT - CACHE CONTENT ON COORD  1  AFTER 2ND ARRIVAL (AFTER WAIT) OF REQ WITH Req._ID: 2 Req.ts: 1480975227.838246 , OBJECT:2:ATTRIBUTE:type:VERSION: RTS:0,WTS:0,PMR:[323736555728194479225079011866167425490],PMW:[]ATTRIBUTE:history:VERSION: RTS:0,WTS:0,PMR:[323736555728194479225079011866167425490],PMW:[323736555728194479225079011866167425490]
2016-12-05 17:00:27,862 - coord.Coord - OUTPUT - Updating to CACHE in Result version: %s rts: 1480975227.838246
wts: 1480975227.838246
value: BankA
pendingMightRead: []
pendingMightWrite: []

2016-12-05 17:00:27,862 - coord.Coord - OUTPUT - No conflict:  rts: 0
wts: 0
value: None
pendingMightRead: [323736555728194479225079011866167425490]
pendingMightWrite: []

2016-12-05 17:00:27,863 - coord.Coord - OUTPUT - No conflict:  rts: 0
wts: 0
value: None
pendingMightRead: [323736555728194479225079011866167425490]
pendingMightWrite: [323736555728194479225079011866167425490]

2016-12-05 17:00:27,863 - coord.Coord - OUTPUT - REQ EVALUATION COMPLETED,SENDING RESPONSE TO CLIENT Req._ID: 2 Req.ts: 1480975227.838246 , OBJECT:2:ATTRIBUTE:type:VERSION: RTS:1480975227.838246,WTS:0,PMR:[],PMW:[]ATTRIBUTE:history:VERSION: RTS:1480975227.838246,WTS:0,PMR:[],PMW:[323736555728194479225079011866167425490]VERSION: RTS:1480975227.838246,WTS:1480975227.838246,PMR:[],PMW:[]
2016-12-05 17:00:27,865 - coord.Coord - OUTPUT - Exiting CACHE: %s and Results: %s {2: {'type': [<common.Versions object at 0x1031eb080>], 'history': [<common.Versions object at 0x1031eb198>, <common.Versions object at 0x10313d978>]}} Req _ID: 2
Req ID: 323736555728194479225079011866167425490
Subject:
   Obj ID: 2
   Obj type: employee
Resource:
   Obj ID: 257
   Obj type: bank
action: read
ReadAttr Obj1: {'type': <common.Versions object at 0x1031eb5c0>, 'history': <common.Versions object at 0x1031eb588>}
ReadAttr Obj2: {'name': <common.Versions object at 0x1031eb550>, 'type': <common.Versions object at 0x1031eb4e0>}
updatedObj: 1
rdOnlyObj: 2
updates: {'history': 'BankA'}
decision: permit

2016-12-05 17:00:27,865 - master.Client - OUTPUT - Response received by Client: %s Req _ID: 2
Req ID: 323736555728194479225079011866167425490
Subject:
   Obj ID: 2
   Obj type: employee
Resource:
   Obj ID: 257
   Obj type: bank
action: read
ReadAttr Obj1: {'type': <common.Versions object at 0x10312eb70>, 'history': <common.Versions object at 0x10312e518>}
ReadAttr Obj2: {'name': <common.Versions object at 0x10312e470>, 'type': <common.Versions object at 0x10312e3c8>}
updatedObj: 1
rdOnlyObj: 2
updates: {'history': 'BankA'}
decision: permit

2016-12-05 17:00:27,866 - coord.Coord - OUTPUT - Entering received a ReadAttr request for object:  1 , Request: Req _ID: 2
Req ID: 323736555728194479225079011866167425490
Subject:
   Obj ID: 2
   Obj type: employee
Resource:
   Obj ID: 257
   Obj type: bank
action: read
ReadAttr Obj1: {'type': <common.Versions object at 0x1031eb550>, 'history': <common.Versions object at 0x1031eb588>}
ReadAttr Obj2: {'name': <common.Versions object at 0x1031eb5c0>, 'type': <common.Versions object at 0x1031eb898>}
updatedObj: 1
rdOnlyObj: 2
updates: {'history': 'BankA'}
decision: permit

2016-12-05 17:00:27,866 - coord.Coord - OUTPUT - Entering received a ReadAttr request for object:  2 , Request: Req _ID: 2
Req ID: 323736555728194479225079011866167425490
Subject:
   Obj ID: 2
   Obj type: employee
Resource:
   Obj ID: 257
   Obj type: bank
action: read
ReadAttr Obj1: {'type': <common.Versions object at 0x1031eb2e8>, 'history': <common.Versions object at 0x1031eb278>}
ReadAttr Obj2: {'name': <common.Versions object at 0x1031eb0f0>, 'type': <common.Versions object at 0x1031eb198>}
updatedObj: 1
rdOnlyObj: 2
updates: {'history': 'BankA'}
decision: permit

2016-12-05 17:00:27,867 - coord.Coord - OUTPUT - BEFORE UPDATION: [<common.Versions object at 0x1031eb080>]
2016-12-05 17:00:27,867 - coord.Coord - OUTPUT - ReadAttr mightRead :%s rts: 0
wts: 0
value: None
pendingMightRead: [3621040512968127503573351988126884641, 323736555728194479225079011866167425490]
pendingMightWrite: []

2016-12-05 17:00:27,867 - coord.Coord - OUTPUT - BEFORE UPDATION: [<common.Versions object at 0x1031eb198>, <common.Versions object at 0x10313d978>]
2016-12-05 17:00:27,867 - coord.Coord - OUTPUT - BEFORE UPDATION: [<common.Versions object at 0x1031daf60>]
2016-12-05 17:00:27,867 - coord.Coord - OUTPUT - ReadAttr mightRead :%s rts: 0
wts: 0
value: None
pendingMightRead: [3621040512968127503573351988126884641, 323736555728194479225079011866167425490]
pendingMightWrite: []

2016-12-05 17:00:27,867 - coord.Coord - OUTPUT - ReadAttr mightWrite :%s rts: 1480975227.838246
wts: 0
value: None
pendingMightRead: []
pendingMightWrite: [323736555728194479225079011866167425490]

2016-12-05 17:00:27,868 - coord.Coord - OUTPUT - BEFORE UPDATION: [<common.Versions object at 0x1031dacf8>]
2016-12-05 17:00:27,868 - coord.Coord - OUTPUT - COORDINATOR CLEANING UP CHANGES on COORD  1  MADE BY COMPLETED REQ WITH Req._ID: 2 Req.ts: 1480975227.838246 , OBJECT:2:ATTRIBUTE:type:VERSION: RTS:1480975227.838246,WTS:0,PMR:[],PMW:[]ATTRIBUTE:history:VERSION: RTS:1480975227.838246,WTS:0,PMR:[],PMW:[]VERSION: RTS:1480975227.838246,WTS:1480975227.838246,PMR:[],PMW:[]
2016-12-05 17:00:27,868 - coord.Coord - OUTPUT - ReadAttr mightRead :%s rts: 0
wts: 0
value: None
pendingMightRead: [3621040512968127503573351988126884641, 323736555728194479225079011866167425490]
pendingMightWrite: []

2016-12-05 17:00:27,868 - coord.Coord - OUTPUT - Exiting received a ReadAttr request for object:  1 , Request: Req _ID: 2
Req ID: 323736555728194479225079011866167425490
Subject:
   Obj ID: 2
   Obj type: employee
Resource:
   Obj ID: 257
   Obj type: bank
action: read
ReadAttr Obj1: {'type': <common.Versions object at 0x1031eb550>, 'history': <common.Versions object at 0x1031eb588>}
ReadAttr Obj2: {'name': <common.Versions object at 0x1031eb5c0>, 'type': <common.Versions object at 0x1031eb898>}
updatedObj: 1
rdOnlyObj: 2
updates: {'history': 'BankA'}
decision: permit

2016-12-05 17:00:27,869 - coord.Coord - OUTPUT - COORDINATOR CLEANING UP CHANGES on COORD  2  MADE BY COMPLETED REQ WITH Req._ID: 2 Req.ts: 1480975227.838246 , OBJECT:257:ATTRIBUTE:name:VERSION: RTS:1480975227.838246,WTS:0,PMR:[3621040512968127503573351988126884641],PMW:[]ATTRIBUTE:type:VERSION: RTS:1480975227.838246,WTS:0,PMR:[3621040512968127503573351988126884641],PMW:[]ATTRIBUTE:count:VERSION: RTS:0,WTS:0,PMR:[3621040512968127503573351988126884641],PMW:[]
2016-12-05 17:00:27,869 - coord.Coord - OUTPUT - Exiting received a ReadAttr request for object:  2 , Request: Req _ID: 2
Req ID: 323736555728194479225079011866167425490
Subject:
   Obj ID: 2
   Obj type: employee
Resource:
   Obj ID: 257
   Obj type: bank
action: read
ReadAttr Obj1: {'type': <common.Versions object at 0x1031eb2e8>, 'history': <common.Versions object at 0x1031eb278>}
ReadAttr Obj2: {'name': <common.Versions object at 0x1031eb0f0>, 'type': <common.Versions object at 0x1031eb198>}
updatedObj: 1
rdOnlyObj: 2
updates: {'history': 'BankA'}
decision: permit

2016-12-05 17:00:32,864 - worker.Worker - DEBUG - __process_event: message was stolen by another thread.
2016-12-05 17:00:32,865 - worker.Worker - OUTPUT - Result after evaluating %s rule/s: %s 1 Req _ID: 1
Req ID: 3621040512968127503573351988126884641
Subject:
   Obj ID: 1
   Obj type: employee
Resource:
   Obj ID: 257
   Obj type: bank
action: read
ReadAttr Obj1: {'type': <common.Versions object at 0x1031e5a58>, 'history': <common.Versions object at 0x1031f06d8>}
ReadAttr Obj2: {'name': <common.Versions object at 0x1031e5ac8>, 'type': <common.Versions object at 0x1031f0898>, 'count': <common.Versions object at 0x1031f0940>}
updatedObj: 2
rdOnlyObj: 1
updates: {'count': 1}
decision: permit

2016-12-05 17:00:32,868 - coord.Coord - OUTPUT - Entering CACHE: %s and Results: %s {257: {'name': [<common.Versions object at 0x1031daf60>], 'type': [<common.Versions object at 0x1031dacf8>], 'count': [<common.Versions object at 0x1031daef0>]}} Req _ID: 1
Req ID: 3621040512968127503573351988126884641
Subject:
   Obj ID: 1
   Obj type: employee
Resource:
   Obj ID: 257
   Obj type: bank
action: read
ReadAttr Obj1: {'type': <common.Versions object at 0x1031eb860>, 'history': <common.Versions object at 0x1031eb7f0>}
ReadAttr Obj2: {'name': <common.Versions object at 0x1031eb780>, 'type': <common.Versions object at 0x1031eb7b8>, 'count': <common.Versions object at 0x1031eb748>}
updatedObj: 2
rdOnlyObj: 1
updates: {'count': 1}
decision: permit

2016-12-05 17:00:32,869 - coord.Coord - OUTPUT - Result received at  2  coordinator, which is resource coordinator: Req _ID: 1
Req ID: 3621040512968127503573351988126884641
Subject:
   Obj ID: 1
   Obj type: employee
Resource:
   Obj ID: 257
   Obj type: bank
action: read
ReadAttr Obj1: {'type': <common.Versions object at 0x1031eb860>, 'history': <common.Versions object at 0x1031eb7f0>}
ReadAttr Obj2: {'name': <common.Versions object at 0x1031eb780>, 'type': <common.Versions object at 0x1031eb7b8>, 'count': <common.Versions object at 0x1031eb748>}
updatedObj: 2
rdOnlyObj: 1
updates: {'count': 1}
decision: permit

2016-12-05 17:00:32,869 - coord.Coord - OUTPUT - CACHE CONTENT ON COORD  2  AFTER 2ND ARRIVAL (BEFORE WAIT) OF REQ WITH Req._ID: 1 Req.ts: 1480975227.837635 , OBJECT:257:ATTRIBUTE:name:VERSION: RTS:1480975227.838246,WTS:0,PMR:[3621040512968127503573351988126884641],PMW:[]ATTRIBUTE:type:VERSION: RTS:1480975227.838246,WTS:0,PMR:[3621040512968127503573351988126884641],PMW:[]ATTRIBUTE:count:VERSION: RTS:0,WTS:0,PMR:[3621040512968127503573351988126884641],PMW:[]
2016-12-05 17:00:32,870 - coord.Coord - OUTPUT - In checkForConflict: %s Req _ID: 1
Req ID: 3621040512968127503573351988126884641
Subject:
   Obj ID: 1
   Obj type: employee
Resource:
   Obj ID: 257
   Obj type: bank
action: read
ReadAttr Obj1: {'type': <common.Versions object at 0x1031eb860>, 'history': <common.Versions object at 0x1031eb7f0>}
ReadAttr Obj2: {'name': <common.Versions object at 0x1031eb780>, 'type': <common.Versions object at 0x1031eb7b8>, 'count': <common.Versions object at 0x1031eb748>}
updatedObj: 2
rdOnlyObj: 1
updates: {'count': 1}
decision: permit

2016-12-05 17:00:32,870 - coord.Coord - OUTPUT - Version: %s rts: 0
wts: 0
value: None
pendingMightRead: [3621040512968127503573351988126884641]
pendingMightWrite: []

2016-12-05 17:00:32,871 - coord.Coord - OUTPUT - In checkForConflict: %s Req _ID: 1
Req ID: 3621040512968127503573351988126884641
Subject:
   Obj ID: 1
   Obj type: employee
Resource:
   Obj ID: 257
   Obj type: bank
action: read
ReadAttr Obj1: {'type': <common.Versions object at 0x1031eb860>, 'history': <common.Versions object at 0x1031eb7f0>}
ReadAttr Obj2: {'name': <common.Versions object at 0x1031eb780>, 'type': <common.Versions object at 0x1031eb7b8>, 'count': <common.Versions object at 0x1031eb748>}
updatedObj: 2
rdOnlyObj: 1
updates: {'count': 1}
decision: permit

2016-12-05 17:00:32,872 - coord.Coord - OUTPUT - Version: %s rts: 0
wts: 0
value: None
pendingMightRead: [3621040512968127503573351988126884641]
pendingMightWrite: [3621040512968127503573351988126884641]

2016-12-05 17:00:32,872 - coord.Coord - OUTPUT - CACHE CONTENT ON COORD  2  AFTER 2ND ARRIVAL (AFTER WAIT) OF REQ WITH Req._ID: 1 Req.ts: 1480975227.837635 , OBJECT:257:ATTRIBUTE:name:VERSION: RTS:1480975227.838246,WTS:0,PMR:[3621040512968127503573351988126884641],PMW:[]ATTRIBUTE:type:VERSION: RTS:1480975227.838246,WTS:0,PMR:[3621040512968127503573351988126884641],PMW:[]ATTRIBUTE:count:VERSION: RTS:0,WTS:0,PMR:[3621040512968127503573351988126884641],PMW:[3621040512968127503573351988126884641]
2016-12-05 17:00:32,873 - coord.Coord - OUTPUT - Updating to CACHE in Result version: %s rts: 1480975227.837635
wts: 1480975227.837635
value: 1
pendingMightRead: []
pendingMightWrite: []

2016-12-05 17:00:32,874 - coord.Coord - OUTPUT - No conflict:  rts: 1480975227.838246
wts: 0
value: None
pendingMightRead: [3621040512968127503573351988126884641]
pendingMightWrite: []

2016-12-05 17:00:32,874 - coord.Coord - OUTPUT - No conflict:  rts: 1480975227.838246
wts: 0
value: None
pendingMightRead: [3621040512968127503573351988126884641]
pendingMightWrite: []

2016-12-05 17:00:32,875 - coord.Coord - OUTPUT - No conflict:  rts: 0
wts: 0
value: None
pendingMightRead: [3621040512968127503573351988126884641]
pendingMightWrite: [3621040512968127503573351988126884641]

2016-12-05 17:00:32,875 - coord.Coord - OUTPUT - REQ EVALUATION COMPLETED,SENDING RESPONSE TO CLIENT Req._ID: 1 Req.ts: 1480975227.837635 , OBJECT:257:ATTRIBUTE:name:VERSION: RTS:1480975227.837635,WTS:0,PMR:[],PMW:[]ATTRIBUTE:type:VERSION: RTS:1480975227.837635,WTS:0,PMR:[],PMW:[]ATTRIBUTE:count:VERSION: RTS:1480975227.837635,WTS:0,PMR:[],PMW:[3621040512968127503573351988126884641]VERSION: RTS:1480975227.837635,WTS:1480975227.837635,PMR:[],PMW:[]
2016-12-05 17:00:32,878 - master.Client - OUTPUT - Response received by Client: %s Req _ID: 1
Req ID: 3621040512968127503573351988126884641
Subject:
   Obj ID: 1
   Obj type: employee
Resource:
   Obj ID: 257
   Obj type: bank
action: read
ReadAttr Obj1: {'type': <common.Versions object at 0x10312e9e8>, 'history': <common.Versions object at 0x10312ea90>}
ReadAttr Obj2: {'name': <common.Versions object at 0x10312eef0>, 'type': <common.Versions object at 0x10312ef28>, 'count': <common.Versions object at 0x10312ef60>}
updatedObj: 2
rdOnlyObj: 1
updates: {'count': 1}
decision: permit

2016-12-05 17:00:32,878 - coord.Coord - OUTPUT - Exiting CACHE: %s and Results: %s {257: {'name': [<common.Versions object at 0x1031daf60>], 'type': [<common.Versions object at 0x1031dacf8>], 'count': [<common.Versions object at 0x1031daef0>, <common.Versions object at 0x1031dac88>]}} Req _ID: 1
Req ID: 3621040512968127503573351988126884641
Subject:
   Obj ID: 1
   Obj type: employee
Resource:
   Obj ID: 257
   Obj type: bank
action: read
ReadAttr Obj1: {'type': <common.Versions object at 0x1031eb860>, 'history': <common.Versions object at 0x1031eb7f0>}
ReadAttr Obj2: {'name': <common.Versions object at 0x1031eb780>, 'type': <common.Versions object at 0x1031eb7b8>, 'count': <common.Versions object at 0x1031eb748>}
updatedObj: 2
rdOnlyObj: 1
updates: {'count': 1}
decision: permit

2016-12-05 17:00:32,880 - coord.Coord - OUTPUT - Entering received a ReadAttr request for object:  1 , Request: Req _ID: 1
Req ID: 3621040512968127503573351988126884641
Subject:
   Obj ID: 1
   Obj type: employee
Resource:
   Obj ID: 257
   Obj type: bank
action: read
ReadAttr Obj1: {'type': <common.Versions object at 0x1031e4e48>, 'history': <common.Versions object at 0x1031e4dd8>}
ReadAttr Obj2: {'name': <common.Versions object at 0x1031e4b00>, 'type': <common.Versions object at 0x1031e4c18>, 'count': <common.Versions object at 0x1031e47f0>}
updatedObj: 2
rdOnlyObj: 1
updates: {'count': 1}
decision: permit

2016-12-05 17:00:32,880 - master.Client - OUTPUT - client exiting
2016-12-05 17:00:32,881 - coord.Coord - OUTPUT - ReadAttr mightRead :%s rts: 0
wts: 0
value: None
pendingMightRead: [3621040512968127503573351988126884641]
pendingMightWrite: []

2016-12-05 17:00:32,881 - coord.Coord - OUTPUT - BEFORE UPDATION: [<common.Versions object at 0x1031e4828>]
2016-12-05 17:00:32,882 - coord.Coord - OUTPUT - ReadAttr mightRead :%s rts: 0
wts: 0
value: None
pendingMightRead: [3621040512968127503573351988126884641]
pendingMightWrite: []

2016-12-05 17:00:32,881 - coord.Coord - OUTPUT - Entering received a ReadAttr request for object:  2 , Request: Req _ID: 1
Req ID: 3621040512968127503573351988126884641
Subject:
   Obj ID: 1
   Obj type: employee
Resource:
   Obj ID: 257
   Obj type: bank
action: read
ReadAttr Obj1: {'type': <common.Versions object at 0x1031eb748>, 'history': <common.Versions object at 0x1031eb7b8>}
ReadAttr Obj2: {'name': <common.Versions object at 0x1031eb780>, 'type': <common.Versions object at 0x1031eb7f0>, 'count': <common.Versions object at 0x1031eb860>}
updatedObj: 2
rdOnlyObj: 1
updates: {'count': 1}
decision: permit

2016-12-05 17:00:32,883 - coord.Coord - OUTPUT - BEFORE UPDATION: [<common.Versions object at 0x1031daf60>]
2016-12-05 17:00:32,882 - coord.Coord - OUTPUT - BEFORE UPDATION: [<common.Versions object at 0x1031e4b70>]
2016-12-05 17:00:32,884 - coord.Coord - OUTPUT - BEFORE UPDATION: [<common.Versions object at 0x1031dacf8>]
2016-12-05 17:00:32,884 - worker.Worker - OUTPUT - Worker exiting...
2016-12-05 17:00:32,884 - coord.Coord - OUTPUT - COORDINATOR CLEANING UP CHANGES on COORD  1  MADE BY COMPLETED REQ WITH Req._ID: 1 Req.ts: 1480975227.837635 , OBJECT:1:ATTRIBUTE:type:VERSION: RTS:1480975227.837635,WTS:0,PMR:[],PMW:[]ATTRIBUTE:history:VERSION: RTS:1480975227.837635,WTS:0,PMR:[],PMW:[]
2016-12-05 17:00:32,884 - coord.Coord - OUTPUT - BEFORE UPDATION: [<common.Versions object at 0x1031daef0>, <common.Versions object at 0x1031dac88>]
2016-12-05 17:00:32,886 - worker.Worker - OUTPUT - Worker exiting...
2016-12-05 17:00:32,888 - worker.Worker - OUTPUT - Worker exiting...
2016-12-05 17:00:32,888 - coord.Coord - OUTPUT - Coordinator Exiting...
2016-12-05 17:00:32,884 - coord.Coord - OUTPUT - Exiting received a ReadAttr request for object:  1 , Request: Req _ID: 1
Req ID: 3621040512968127503573351988126884641
Subject:
   Obj ID: 1
   Obj type: employee
Resource:
   Obj ID: 257
   Obj type: bank
action: read
ReadAttr Obj1: {'type': <common.Versions object at 0x1031e4e48>, 'history': <common.Versions object at 0x1031e4dd8>}
ReadAttr Obj2: {'name': <common.Versions object at 0x1031e4b00>, 'type': <common.Versions object at 0x1031e4c18>, 'count': <common.Versions object at 0x1031e47f0>}
updatedObj: 2
rdOnlyObj: 1
updates: {'count': 1}
decision: permit

2016-12-05 17:00:32,884 - coord.Coord - OUTPUT - ReadAttr mightWrite :%s rts: 1480975227.837635
wts: 0
value: None
pendingMightRead: []
pendingMightWrite: [3621040512968127503573351988126884641]

2016-12-05 17:00:32,891 - coord.Coord - OUTPUT - Coordinator Exiting...
2016-12-05 17:00:32,891 - worker.Worker - OUTPUT - Worker exiting...
2016-12-05 17:00:32,891 - coord.Coord - OUTPUT - COORDINATOR CLEANING UP CHANGES on COORD  2  MADE BY COMPLETED REQ WITH Req._ID: 1 Req.ts: 1480975227.837635 , OBJECT:257:ATTRIBUTE:name:VERSION: RTS:1480975227.837635,WTS:0,PMR:[],PMW:[]ATTRIBUTE:type:VERSION: RTS:1480975227.837635,WTS:0,PMR:[],PMW:[]ATTRIBUTE:count:VERSION: RTS:1480975227.837635,WTS:0,PMR:[],PMW:[]VERSION: RTS:1480975227.837635,WTS:1480975227.837635,PMR:[],PMW:[]
2016-12-05 17:00:32,891 - coord.Coord - OUTPUT - Coordinator Exiting...
2016-12-05 17:00:32,894 - worker.Worker - OUTPUT - Worker exiting...
2016-12-05 17:00:32,894 - db.DB - OUTPUT - ----------------DATABASE CONTENT----------------
2016-12-05 17:00:32,895 - coord.Coord - OUTPUT - Coordinator Exiting...
2016-12-05 17:00:32,897 - worker.Worker - OUTPUT - Worker exiting...
2016-12-05 17:00:32,898 - coord.Coord - OUTPUT - Coordinator Exiting...
2016-12-05 17:00:32,898 - worker.Worker - OUTPUT - Worker exiting...
2016-12-05 17:00:32,892 - coord.Coord - OUTPUT - Exiting received a ReadAttr request for object:  2 , Request: Req _ID: 1
Req ID: 3621040512968127503573351988126884641
Subject:
   Obj ID: 1
   Obj type: employee
Resource:
   Obj ID: 257
   Obj type: bank
action: read
ReadAttr Obj1: {'type': <common.Versions object at 0x1031eb748>, 'history': <common.Versions object at 0x1031eb7b8>}
ReadAttr Obj2: {'name': <common.Versions object at 0x1031eb780>, 'type': <common.Versions object at 0x1031eb7f0>, 'count': <common.Versions object at 0x1031eb860>}
updatedObj: 2
rdOnlyObj: 1
updates: {'count': 1}
decision: permit

2016-12-05 17:00:32,893 - worker.Worker - OUTPUT - Worker exiting...
2016-12-05 17:00:32,901 - coord.Coord - OUTPUT - Coordinator Exiting...
2016-12-05 17:00:32,894 - worker.Worker - OUTPUT - Worker exiting...
2016-12-05 17:00:32,895 - db.DB - OUTPUT - OBJECT 1:=ATTRIBUTE name:VERSION wts=1480975227.820069 value=Tom,ATTRIBUTE type:VERSION wts=1480975227.820069 value=employee,ATTRIBUTE history:VERSION wts=1480975227.820069 value=BankA,OBJECT 2:=ATTRIBUTE name:VERSION wts=1480975227.820069 value=Jack,ATTRIBUTE type:VERSION wts=1480975227.820069 value=employee,ATTRIBUTE history:VERSION wts=1480975227.820069 value=,VERSION wts=1480975227.838246 value=BankA,OBJECT 3:=ATTRIBUTE name:VERSION wts=1480975227.820069 value=Sahil,ATTRIBUTE type:VERSION wts=1480975227.820069 value=employee,ATTRIBUTE history:VERSION wts=1480975227.820069 value=BankB,OBJECT 258:=ATTRIBUTE name:VERSION wts=1480975227.820069 value=BankB,ATTRIBUTE type:VERSION wts=1480975227.820069 value=bank,ATTRIBUTE count:VERSION wts=1480975227.820069 value=1,OBJECT 257:=ATTRIBUTE name:VERSION wts=1480975227.820069 value=BankA,ATTRIBUTE type:VERSION wts=1480975227.820069 value=bank,ATTRIBUTE count:VERSION wts=1480975227.820069 value=0,VERSION wts=1480975227.837635 value=1,
2016-12-05 17:00:32,895 - worker.Worker - OUTPUT - Worker exiting...
2016-12-05 17:00:32,904 - db.DB - OUTPUT - ------------------------------------------------
2016-12-05 17:00:32,905 - db.DB - OUTPUT - Database process exiting...
2016-12-05 17:00:32,897 - worker.Worker - OUTPUT - Worker exiting...
2016-12-05 17:00:32,901 - worker.Worker - OUTPUT - Worker exiting...
