2016-12-05 22:06:14,115 - master.Node_ - DEBUG - Creating instances of <class 'master.Client'> using 'process'
2016-12-05 22:06:14,123 - master.Client - DEBUG - Delayed start.
2016-12-05 22:06:14,136 - master.Node_ - DEBUG - 1 instances of <class 'master.Client'> created.
2016-12-05 22:06:14,136 - master.Node_ - DEBUG - Creating instances of <class 'coord.Coord'> using 'process'
2016-12-05 22:06:14,150 - coord.Coord - DEBUG - Delayed start.
2016-12-05 22:06:14,167 - coord.Coord - DEBUG - Delayed start.
2016-12-05 22:06:14,178 - coord.Coord - DEBUG - Delayed start.
2016-12-05 22:06:14,192 - coord.Coord - DEBUG - Delayed start.
2016-12-05 22:06:14,208 - coord.Coord - DEBUG - Delayed start.
2016-12-05 22:06:14,224 - coord.Coord - DEBUG - Delayed start.
2016-12-05 22:06:14,230 - master.Node_ - DEBUG - 6 instances of <class 'coord.Coord'> created.
2016-12-05 22:06:14,231 - master.Node_ - DEBUG - Creating instances of <class 'worker.Worker'> using 'process'
2016-12-05 22:06:14,239 - worker.Worker - DEBUG - Delayed start.
2016-12-05 22:06:14,253 - worker.Worker - DEBUG - Delayed start.
2016-12-05 22:06:14,270 - worker.Worker - DEBUG - Delayed start.
2016-12-05 22:06:14,282 - worker.Worker - DEBUG - Delayed start.
2016-12-05 22:06:14,297 - worker.Worker - DEBUG - Delayed start.
2016-12-05 22:06:14,310 - worker.Worker - DEBUG - Delayed start.
2016-12-05 22:06:14,323 - worker.Worker - DEBUG - Delayed start.
2016-12-05 22:06:14,338 - worker.Worker - DEBUG - Delayed start.
2016-12-05 22:06:14,351 - worker.Worker - DEBUG - Delayed start.
2016-12-05 22:06:14,367 - worker.Worker - DEBUG - Delayed start.
2016-12-05 22:06:14,381 - worker.Worker - DEBUG - Delayed start.
2016-12-05 22:06:14,398 - worker.Worker - DEBUG - Delayed start.
2016-12-05 22:06:14,402 - master.Node_ - DEBUG - 12 instances of <class 'worker.Worker'> created.
2016-12-05 22:06:14,403 - master.Node_ - DEBUG - Creating instances of <class 'db.DB'> using 'process'
2016-12-05 22:06:14,410 - db.DB - DEBUG - Delayed start.
2016-12-05 22:06:14,418 - master.Node_ - DEBUG - 1 instances of <class 'db.DB'> created.
2016-12-05 22:06:14,419 - master.Node_ - DEBUG - Creating instances of <class 'master.clEND'> using 'process'
2016-12-05 22:06:14,428 - master.clEND - DEBUG - Delayed start.
2016-12-05 22:06:14,432 - master.Node_ - DEBUG - 1 instances of <class 'master.clEND'> created.
2016-12-05 22:06:14,435 - master.clEND - DEBUG - Running `setup` with args (126100980373651462, ([<Coord:c6c04>, <Coord:c6c06>, <Coord:c6c03>, <Coord:c6c05>, <Coord:c6c08>, <Coord:c6c07>], [<DB:c6c15>], [<Worker:c6c10>, <Worker:c6c11>, <Worker:c6c0d>, <Worker:c6c12>, <Worker:c6c0b>, <Worker:c6c0a>, <Worker:c6c0e>, <Worker:c6c14>, <Worker:c6c09>, <Worker:c6c13>, <Worker:c6c0c>, <Worker:c6c0f>], [<Client:c6c02>])).
2016-12-05 22:06:14,436 - master.clEND - DEBUG - `setup` complete.
2016-12-05 22:06:14,438 - db.DB - DEBUG - Running `setup` with args (126100980373651463, (5,)).
2016-12-05 22:06:14,438 - db.DB - DEBUG - `setup` complete.
2016-12-05 22:06:14,442 - worker.Worker - DEBUG - Running `setup` with args (126100980373651464, ([<Coord:c6c04>, <Coord:c6c06>, <Coord:c6c03>, <Coord:c6c05>, <Coord:c6c08>, <Coord:c6c07>], [<DB:c6c15>], 5)).
2016-12-05 22:06:14,442 - worker.Worker - DEBUG - `setup` complete.
2016-12-05 22:06:14,443 - worker.Worker - DEBUG - Running `setup` with args (126100980373651464, ([<Coord:c6c04>, <Coord:c6c06>, <Coord:c6c03>, <Coord:c6c05>, <Coord:c6c08>, <Coord:c6c07>], [<DB:c6c15>], 5)).
2016-12-05 22:06:14,444 - worker.Worker - DEBUG - `setup` complete.
2016-12-05 22:06:14,445 - worker.Worker - DEBUG - Running `setup` with args (126100980373651464, ([<Coord:c6c04>, <Coord:c6c06>, <Coord:c6c03>, <Coord:c6c05>, <Coord:c6c08>, <Coord:c6c07>], [<DB:c6c15>], 5)).
2016-12-05 22:06:14,445 - worker.Worker - DEBUG - `setup` complete.
2016-12-05 22:06:14,446 - worker.Worker - DEBUG - Running `setup` with args (126100980373651464, ([<Coord:c6c04>, <Coord:c6c06>, <Coord:c6c03>, <Coord:c6c05>, <Coord:c6c08>, <Coord:c6c07>], [<DB:c6c15>], 5)).
2016-12-05 22:06:14,447 - worker.Worker - DEBUG - `setup` complete.
2016-12-05 22:06:14,448 - worker.Worker - DEBUG - Running `setup` with args (126100980373651464, ([<Coord:c6c04>, <Coord:c6c06>, <Coord:c6c03>, <Coord:c6c05>, <Coord:c6c08>, <Coord:c6c07>], [<DB:c6c15>], 5)).
2016-12-05 22:06:14,448 - worker.Worker - DEBUG - `setup` complete.
2016-12-05 22:06:14,450 - worker.Worker - DEBUG - Running `setup` with args (126100980373651464, ([<Coord:c6c04>, <Coord:c6c06>, <Coord:c6c03>, <Coord:c6c05>, <Coord:c6c08>, <Coord:c6c07>], [<DB:c6c15>], 5)).
2016-12-05 22:06:14,450 - worker.Worker - DEBUG - `setup` complete.
2016-12-05 22:06:14,451 - worker.Worker - DEBUG - Running `setup` with args (126100980373651464, ([<Coord:c6c04>, <Coord:c6c06>, <Coord:c6c03>, <Coord:c6c05>, <Coord:c6c08>, <Coord:c6c07>], [<DB:c6c15>], 5)).
2016-12-05 22:06:14,452 - worker.Worker - DEBUG - `setup` complete.
2016-12-05 22:06:14,453 - worker.Worker - DEBUG - Running `setup` with args (126100980373651464, ([<Coord:c6c04>, <Coord:c6c06>, <Coord:c6c03>, <Coord:c6c05>, <Coord:c6c08>, <Coord:c6c07>], [<DB:c6c15>], 5)).
2016-12-05 22:06:14,453 - worker.Worker - DEBUG - `setup` complete.
2016-12-05 22:06:14,454 - worker.Worker - DEBUG - Running `setup` with args (126100980373651464, ([<Coord:c6c04>, <Coord:c6c06>, <Coord:c6c03>, <Coord:c6c05>, <Coord:c6c08>, <Coord:c6c07>], [<DB:c6c15>], 5)).
2016-12-05 22:06:14,455 - worker.Worker - DEBUG - `setup` complete.
2016-12-05 22:06:14,456 - worker.Worker - DEBUG - Running `setup` with args (126100980373651464, ([<Coord:c6c04>, <Coord:c6c06>, <Coord:c6c03>, <Coord:c6c05>, <Coord:c6c08>, <Coord:c6c07>], [<DB:c6c15>], 5)).
2016-12-05 22:06:14,457 - worker.Worker - DEBUG - `setup` complete.
2016-12-05 22:06:14,459 - worker.Worker - DEBUG - Running `setup` with args (126100980373651464, ([<Coord:c6c04>, <Coord:c6c06>, <Coord:c6c03>, <Coord:c6c05>, <Coord:c6c08>, <Coord:c6c07>], [<DB:c6c15>], 5)).
2016-12-05 22:06:14,459 - worker.Worker - DEBUG - `setup` complete.
2016-12-05 22:06:14,459 - worker.Worker - DEBUG - Running `setup` with args (126100980373651464, ([<Coord:c6c04>, <Coord:c6c06>, <Coord:c6c03>, <Coord:c6c05>, <Coord:c6c08>, <Coord:c6c07>], [<DB:c6c15>], 5)).
2016-12-05 22:06:14,460 - worker.Worker - DEBUG - `setup` complete.
2016-12-05 22:06:14,462 - coord.Coord - DEBUG - Running `setup` with args (126100980373651465, ([<Coord:c6c04>, <Coord:c6c06>, <Coord:c6c03>, <Coord:c6c05>, <Coord:c6c08>, <Coord:c6c07>], [<Worker:c6c10>, <Worker:c6c11>, <Worker:c6c0d>, <Worker:c6c12>, <Worker:c6c0b>, <Worker:c6c0a>, <Worker:c6c0e>, <Worker:c6c14>, <Worker:c6c09>, <Worker:c6c13>, <Worker:c6c0c>, <Worker:c6c0f>], [<DB:c6c15>], 5)).
2016-12-05 22:06:14,463 - coord.Coord - DEBUG - `setup` complete.
2016-12-05 22:06:14,464 - coord.Coord - DEBUG - Running `setup` with args (126100980373651465, ([<Coord:c6c04>, <Coord:c6c06>, <Coord:c6c03>, <Coord:c6c05>, <Coord:c6c08>, <Coord:c6c07>], [<Worker:c6c10>, <Worker:c6c11>, <Worker:c6c0d>, <Worker:c6c12>, <Worker:c6c0b>, <Worker:c6c0a>, <Worker:c6c0e>, <Worker:c6c14>, <Worker:c6c09>, <Worker:c6c13>, <Worker:c6c0c>, <Worker:c6c0f>], [<DB:c6c15>], 5)).
2016-12-05 22:06:14,465 - coord.Coord - DEBUG - `setup` complete.
2016-12-05 22:06:14,466 - coord.Coord - DEBUG - Running `setup` with args (126100980373651465, ([<Coord:c6c04>, <Coord:c6c06>, <Coord:c6c03>, <Coord:c6c05>, <Coord:c6c08>, <Coord:c6c07>], [<Worker:c6c10>, <Worker:c6c11>, <Worker:c6c0d>, <Worker:c6c12>, <Worker:c6c0b>, <Worker:c6c0a>, <Worker:c6c0e>, <Worker:c6c14>, <Worker:c6c09>, <Worker:c6c13>, <Worker:c6c0c>, <Worker:c6c0f>], [<DB:c6c15>], 5)).
2016-12-05 22:06:14,466 - coord.Coord - DEBUG - `setup` complete.
2016-12-05 22:06:14,467 - coord.Coord - DEBUG - Running `setup` with args (126100980373651465, ([<Coord:c6c04>, <Coord:c6c06>, <Coord:c6c03>, <Coord:c6c05>, <Coord:c6c08>, <Coord:c6c07>], [<Worker:c6c10>, <Worker:c6c11>, <Worker:c6c0d>, <Worker:c6c12>, <Worker:c6c0b>, <Worker:c6c0a>, <Worker:c6c0e>, <Worker:c6c14>, <Worker:c6c09>, <Worker:c6c13>, <Worker:c6c0c>, <Worker:c6c0f>], [<DB:c6c15>], 5)).
2016-12-05 22:06:14,468 - coord.Coord - DEBUG - `setup` complete.
2016-12-05 22:06:14,469 - coord.Coord - DEBUG - Running `setup` with args (126100980373651465, ([<Coord:c6c04>, <Coord:c6c06>, <Coord:c6c03>, <Coord:c6c05>, <Coord:c6c08>, <Coord:c6c07>], [<Worker:c6c10>, <Worker:c6c11>, <Worker:c6c0d>, <Worker:c6c12>, <Worker:c6c0b>, <Worker:c6c0a>, <Worker:c6c0e>, <Worker:c6c14>, <Worker:c6c09>, <Worker:c6c13>, <Worker:c6c0c>, <Worker:c6c0f>], [<DB:c6c15>], 5)).
2016-12-05 22:06:14,469 - coord.Coord - DEBUG - `setup` complete.
2016-12-05 22:06:14,470 - coord.Coord - DEBUG - Running `setup` with args (126100980373651465, ([<Coord:c6c04>, <Coord:c6c06>, <Coord:c6c03>, <Coord:c6c05>, <Coord:c6c08>, <Coord:c6c07>], [<Worker:c6c10>, <Worker:c6c11>, <Worker:c6c0d>, <Worker:c6c12>, <Worker:c6c0b>, <Worker:c6c0a>, <Worker:c6c0e>, <Worker:c6c14>, <Worker:c6c09>, <Worker:c6c13>, <Worker:c6c0c>, <Worker:c6c0f>], [<DB:c6c15>], 5)).
2016-12-05 22:06:14,471 - coord.Coord - DEBUG - `setup` complete.
2016-12-05 22:06:14,474 - master.Client - DEBUG - Running `setup` with args (126100980373651466, ([<Coord:c6c04>, <Coord:c6c06>, <Coord:c6c03>, <Coord:c6c05>, <Coord:c6c08>, <Coord:c6c07>], {<clEND:c6c16>}, 5)).
2016-12-05 22:06:14,474 - master.Client - DEBUG - `setup` complete.
2016-12-05 22:06:14,475 - master.clEND - DEBUG - `start` command received, commencing...
2016-12-05 22:06:14,477 - db.DB - DEBUG - `start` command received, commencing...
2016-12-05 22:06:14,479 - worker.Worker - DEBUG - `start` command received, commencing...
2016-12-05 22:06:14,479 - worker.Worker - DEBUG - `start` command received, commencing...
2016-12-05 22:06:14,479 - worker.Worker - DEBUG - `start` command received, commencing...
2016-12-05 22:06:14,480 - worker.Worker - DEBUG - `start` command received, commencing...
2016-12-05 22:06:14,480 - worker.Worker - DEBUG - `start` command received, commencing...
2016-12-05 22:06:14,481 - worker.Worker - DEBUG - `start` command received, commencing...
2016-12-05 22:06:14,482 - worker.Worker - DEBUG - `start` command received, commencing...
2016-12-05 22:06:14,482 - worker.Worker - DEBUG - `start` command received, commencing...
2016-12-05 22:06:14,482 - worker.Worker - DEBUG - `start` command received, commencing...
2016-12-05 22:06:14,483 - worker.Worker - DEBUG - `start` command received, commencing...
2016-12-05 22:06:14,483 - worker.Worker - DEBUG - `start` command received, commencing...
2016-12-05 22:06:14,483 - worker.Worker - DEBUG - `start` command received, commencing...
2016-12-05 22:06:14,486 - coord.Coord - DEBUG - `start` command received, commencing...
2016-12-05 22:06:14,486 - coord.Coord - DEBUG - `start` command received, commencing...
2016-12-05 22:06:14,486 - coord.Coord - DEBUG - `start` command received, commencing...
2016-12-05 22:06:14,487 - coord.Coord - DEBUG - `start` command received, commencing...
2016-12-05 22:06:14,488 - coord.Coord - DEBUG - `start` command received, commencing...
2016-12-05 22:06:14,488 - coord.Coord - DEBUG - `start` command received, commencing...
2016-12-05 22:06:14,491 - master.Client - DEBUG - `start` command received, commencing...
2016-12-05 22:06:14,494 - coord.Coord - OUTPUT - START REQUEST received at  1  coordinator, which is subject coordinator: Req _ID: 1
Req ID: 176328459954101027870824927291237566735
Subject:
   Obj ID: 2
   Obj type: employee
Resource:
   Obj ID: 257
   Obj type: bank
action: read
ReadAttr Obj1: {}
ReadAttr Obj2: {}
updatedObj: -1
rdOnlyObj: -1
updates: []
decision: None

2016-12-05 22:06:14,495 - coord.Coord - OUTPUT - Start waiting before proceeding to work: %s Req _ID: 1
Req ID: 176328459954101027870824927291237566735
Subject:
   Obj ID: 2
   Obj type: employee
Resource:
   Obj ID: 257
   Obj type: bank
action: read
ReadAttr Obj1: {}
ReadAttr Obj2: {}
updatedObj: -1
rdOnlyObj: -1
updates: []
decision: None

2016-12-05 22:06:14,496 - coord.Coord - OUTPUT - Stop waiting before proceeding to work: %s Req _ID: 1
Req ID: 176328459954101027870824927291237566735
Subject:
   Obj ID: 2
   Obj type: employee
Resource:
   Obj ID: 257
   Obj type: bank
action: read
ReadAttr Obj1: {}
ReadAttr Obj2: {}
updatedObj: -1
rdOnlyObj: -1
updates: []
decision: None

2016-12-05 22:06:14,496 - coord.Coord - OUTPUT - CACHE CONTENT ON COORD  1  AFTER 1ST ARRIVAL OF REQ WITH Req._ID: 1 Req.ts: 1480993574.495205 , OBJECT:2:ATTRIBUTE:history:VERSION: RTS:0,WTS:0,PMR:[176328459954101027870824927291237566735],PMW:[]ATTRIBUTE:type:VERSION: RTS:0,WTS:0,PMR:[176328459954101027870824927291237566735],PMW:[]
2016-12-05 22:06:14,497 - coord.Coord - OUTPUT - START REQUEST received at  1  coordinator, which is subject coordinator: Req _ID: 2
Req ID: 270827359320362375413552776292367104959
Subject:
   Obj ID: 1
   Obj type: employee
Resource:
   Obj ID: 257
   Obj type: bank
action: read
ReadAttr Obj1: {}
ReadAttr Obj2: {}
updatedObj: -1
rdOnlyObj: -1
updates: []
decision: None

2016-12-05 22:06:14,498 - coord.Coord - OUTPUT - Start waiting before proceeding to work: %s Req _ID: 2
Req ID: 270827359320362375413552776292367104959
Subject:
   Obj ID: 1
   Obj type: employee
Resource:
   Obj ID: 257
   Obj type: bank
action: read
ReadAttr Obj1: {}
ReadAttr Obj2: {}
updatedObj: -1
rdOnlyObj: -1
updates: []
decision: None

2016-12-05 22:06:14,498 - coord.Coord - OUTPUT - EXIT REQUEST received at  1  coordinator, which is subject coordinator: Req _ID: 1
Req ID: 176328459954101027870824927291237566735
Subject:
   Obj ID: 2
   Obj type: employee
Resource:
   Obj ID: 257
   Obj type: bank
action: read
ReadAttr Obj1: {}
ReadAttr Obj2: {}
updatedObj: -1
rdOnlyObj: -1
updates: []
decision: None

2016-12-05 22:06:14,498 - coord.Coord - OUTPUT - Stop waiting before proceeding to work: %s Req _ID: 2
Req ID: 270827359320362375413552776292367104959
Subject:
   Obj ID: 1
   Obj type: employee
Resource:
   Obj ID: 257
   Obj type: bank
action: read
ReadAttr Obj1: {}
ReadAttr Obj2: {}
updatedObj: -1
rdOnlyObj: -1
updates: []
decision: None

2016-12-05 22:06:14,499 - coord.Coord - OUTPUT - CACHE CONTENT ON COORD  1  AFTER 1ST ARRIVAL OF REQ WITH Req._ID: 2 Req.ts: 1480993574.497912 , OBJECT:1:ATTRIBUTE:history:VERSION: RTS:0,WTS:0,PMR:[270827359320362375413552776292367104959],PMW:[]ATTRIBUTE:type:VERSION: RTS:0,WTS:0,PMR:[270827359320362375413552776292367104959],PMW:[]
2016-12-05 22:06:14,501 - coord.Coord - OUTPUT - EXIT REQUEST received at  1  coordinator, which is subject coordinator: Req _ID: 2
Req ID: 270827359320362375413552776292367104959
Subject:
   Obj ID: 1
   Obj type: employee
Resource:
   Obj ID: 257
   Obj type: bank
action: read
ReadAttr Obj1: {}
ReadAttr Obj2: {}
updatedObj: -1
rdOnlyObj: -1
updates: []
decision: None

2016-12-05 22:06:14,501 - coord.Coord - OUTPUT - START REQUEST received at  2  coordinator, which is resource coordinator: Req _ID: 1
Req ID: 176328459954101027870824927291237566735
Subject:
   Obj ID: 2
   Obj type: employee
Resource:
   Obj ID: 257
   Obj type: bank
action: read
ReadAttr Obj1: {}
ReadAttr Obj2: {}
updatedObj: -1
rdOnlyObj: -1
updates: []
decision: None

2016-12-05 22:06:14,502 - coord.Coord - OUTPUT - Start waiting before proceeding to work: %s Req _ID: 1
Req ID: 176328459954101027870824927291237566735
Subject:
   Obj ID: 2
   Obj type: employee
Resource:
   Obj ID: 257
   Obj type: bank
action: read
ReadAttr Obj1: {}
ReadAttr Obj2: {}
updatedObj: -1
rdOnlyObj: -1
updates: []
decision: None

2016-12-05 22:06:14,503 - coord.Coord - OUTPUT - Stop waiting before proceeding to work: %s Req _ID: 1
Req ID: 176328459954101027870824927291237566735
Subject:
   Obj ID: 2
   Obj type: employee
Resource:
   Obj ID: 257
   Obj type: bank
action: read
ReadAttr Obj1: {}
ReadAttr Obj2: {}
updatedObj: -1
rdOnlyObj: -1
updates: []
decision: None

2016-12-05 22:06:14,504 - coord.Coord - OUTPUT - CACHE CONTENT ON COORD  2  AFTER 1ST ARRIVAL OF REQ WITH Req._ID: 1 Req.ts: 1480993574.495205 , OBJECT:257:ATTRIBUTE:name:VERSION: RTS:0,WTS:0,PMR:[176328459954101027870824927291237566735],PMW:[]ATTRIBUTE:count:VERSION: RTS:0,WTS:0,PMR:[176328459954101027870824927291237566735],PMW:[]ATTRIBUTE:type:VERSION: RTS:0,WTS:0,PMR:[176328459954101027870824927291237566735],PMW:[]
2016-12-05 22:06:14,506 - coord.Coord - OUTPUT - EXIT REQUEST received at  2  coordinator, which is resource coordinator: Req _ID: 1
Req ID: 176328459954101027870824927291237566735
Subject:
   Obj ID: 2
   Obj type: employee
Resource:
   Obj ID: 257
   Obj type: bank
action: read
ReadAttr Obj1: {}
ReadAttr Obj2: {}
updatedObj: -1
rdOnlyObj: -1
updates: []
decision: None

2016-12-05 22:06:14,507 - coord.Coord - OUTPUT - START REQUEST received at  2  coordinator, which is resource coordinator: Req _ID: 2
Req ID: 270827359320362375413552776292367104959
Subject:
   Obj ID: 1
   Obj type: employee
Resource:
   Obj ID: 257
   Obj type: bank
action: read
ReadAttr Obj1: {}
ReadAttr Obj2: {}
updatedObj: -1
rdOnlyObj: -1
updates: []
decision: None

2016-12-05 22:06:14,507 - coord.Coord - OUTPUT - Start waiting before proceeding to work: %s Req _ID: 2
Req ID: 270827359320362375413552776292367104959
Subject:
   Obj ID: 1
   Obj type: employee
Resource:
   Obj ID: 257
   Obj type: bank
action: read
ReadAttr Obj1: {}
ReadAttr Obj2: {}
updatedObj: -1
rdOnlyObj: -1
updates: []
decision: None

2016-12-05 22:06:14,508 - coord.Coord - OUTPUT - Stop waiting before proceeding to work: %s Req _ID: 2
Req ID: 270827359320362375413552776292367104959
Subject:
   Obj ID: 1
   Obj type: employee
Resource:
   Obj ID: 257
   Obj type: bank
action: read
ReadAttr Obj1: {}
ReadAttr Obj2: {}
updatedObj: -1
rdOnlyObj: -1
updates: []
decision: None

2016-12-05 22:06:14,509 - coord.Coord - OUTPUT - CACHE CONTENT ON COORD  2  AFTER 1ST ARRIVAL OF REQ WITH Req._ID: 2 Req.ts: 1480993574.497912 , OBJECT:257:ATTRIBUTE:name:VERSION: RTS:0,WTS:0,PMR:[176328459954101027870824927291237566735, 270827359320362375413552776292367104959],PMW:[]ATTRIBUTE:count:VERSION: RTS:0,WTS:0,PMR:[176328459954101027870824927291237566735, 270827359320362375413552776292367104959],PMW:[]ATTRIBUTE:type:VERSION: RTS:0,WTS:0,PMR:[176328459954101027870824927291237566735, 270827359320362375413552776292367104959],PMW:[]
2016-12-05 22:06:14,509 - worker.Worker - OUTPUT - START WORKER: Req _ID: 1
Req ID: 176328459954101027870824927291237566735
Subject:
   Obj ID: 2
   Obj type: employee
Resource:
   Obj ID: 257
   Obj type: bank
action: read
ReadAttr Obj1: {}
ReadAttr Obj2: {}
updatedObj: -1
rdOnlyObj: -1
updates: []
decision: None

2016-12-05 22:06:14,510 - coord.Coord - OUTPUT - EXIT REQUEST received at  2  coordinator, which is resource coordinator: Req _ID: 2
Req ID: 270827359320362375413552776292367104959
Subject:
   Obj ID: 1
   Obj type: employee
Resource:
   Obj ID: 257
   Obj type: bank
action: read
ReadAttr Obj1: {}
ReadAttr Obj2: {}
updatedObj: -1
rdOnlyObj: -1
updates: []
decision: None

2016-12-05 22:06:14,510 - worker.Worker - OUTPUT - Proceeding to Work: %s Req _ID: 1
Req ID: 176328459954101027870824927291237566735
Subject:
   Obj ID: 2
   Obj type: employee
Resource:
   Obj ID: 257
   Obj type: bank
action: read
ReadAttr Obj1: {}
ReadAttr Obj2: {}
updatedObj: -1
rdOnlyObj: -1
updates: []
decision: None

2016-12-05 22:06:14,511 - worker.Worker - OUTPUT - READ FROM DB:  ['history', 'type', 'history']
2016-12-05 22:06:14,511 - worker.Worker - OUTPUT - READ FROM DB:  ['name', 'type']
2016-12-05 22:06:14,512 - worker.Worker - OUTPUT - Sending Read to Db: %s 1480993574.49520501
2016-12-05 22:06:14,512 - worker.Worker - OUTPUT - START WORKER: Req _ID: 2
Req ID: 270827359320362375413552776292367104959
Subject:
   Obj ID: 1
   Obj type: employee
Resource:
   Obj ID: 257
   Obj type: bank
action: read
ReadAttr Obj1: {}
ReadAttr Obj2: {}
updatedObj: -1
rdOnlyObj: -1
updates: []
decision: None

2016-12-05 22:06:14,513 - worker.Worker - OUTPUT - Proceeding to Work: %s Req _ID: 2
Req ID: 270827359320362375413552776292367104959
Subject:
   Obj ID: 1
   Obj type: employee
Resource:
   Obj ID: 257
   Obj type: bank
action: read
ReadAttr Obj1: {}
ReadAttr Obj2: {}
updatedObj: -1
rdOnlyObj: -1
updates: []
decision: None

2016-12-05 22:06:14,514 - worker.Worker - OUTPUT - READ FROM DB:  ['history', 'type', 'history']
2016-12-05 22:06:14,514 - db.DB - OUTPUT - DB received request: %s 1480993574.49520501
2016-12-05 22:06:14,514 - worker.Worker - OUTPUT - READ FROM DB:  ['name', 'type']
2016-12-05 22:06:14,515 - worker.Worker - OUTPUT - Sending Read to Db: %s 1480993574.49791201
2016-12-05 22:06:14,516 - worker.Worker - OUTPUT - Received response from Db: %s 1480993574.49520501
2016-12-05 22:06:14,517 - worker.Worker - OUTPUT - Sending Read to Db: %s 1480993574.49520502
2016-12-05 22:06:14,517 - db.DB - OUTPUT - DB received request: %s 1480993574.49791201
2016-12-05 22:06:14,518 - worker.Worker - OUTPUT - Received response from Db: %s 1480993574.49791201
2016-12-05 22:06:14,518 - db.DB - OUTPUT - DB received request: %s 1480993574.49520502
2016-12-05 22:06:14,519 - worker.Worker - OUTPUT - Sending Read to Db: %s 1480993574.49791202
2016-12-05 22:06:14,520 - worker.Worker - OUTPUT - Received response from Db: %s 1480993574.49520502
2016-12-05 22:06:14,521 - db.DB - OUTPUT - DB received request: %s 1480993574.49791202
2016-12-05 22:06:14,523 - worker.Worker - OUTPUT - Received response from Db: %s 1480993574.49791202
2016-12-05 22:06:14,523 - worker.Worker - OUTPUT - READ FROM DB:  ['history', 'type']
2016-12-05 22:06:14,524 - worker.Worker - OUTPUT - READ FROM DB:  ['name', 'count', 'type', 'count']
2016-12-05 22:06:14,524 - worker.Worker - OUTPUT - Sending Read to Db: %s 1480993574.49791211
2016-12-05 22:06:14,526 - db.DB - OUTPUT - DB received request: %s 1480993574.49791211
2016-12-05 22:06:14,527 - worker.Worker - OUTPUT - Received response from Db: %s 1480993574.49791211
2016-12-05 22:06:14,528 - worker.Worker - OUTPUT - Sending Read to Db: %s 1480993574.49791212
2016-12-05 22:06:14,529 - db.DB - OUTPUT - DB received request: %s 1480993574.49791212
2016-12-05 22:06:14,531 - worker.Worker - OUTPUT - Received response from Db: %s 1480993574.49791212
2016-12-05 22:06:14,532 - worker.Worker - OUTPUT - EXIT WORKER Result after evaluating %s rule/s: %s 1 Req _ID: 2
Req ID: 270827359320362375413552776292367104959
Subject:
   Obj ID: 1
   Obj type: employee
Resource:
   Obj ID: 257
   Obj type: bank
action: read
ReadAttr Obj1: {'history': <common.Versions object at 0x103a92a58>, 'type': <common.Versions object at 0x103a9c390>}
ReadAttr Obj2: {'name': <common.Versions object at 0x103a920f0>, 'count': <common.Versions object at 0x103a9c518>, 'type': <common.Versions object at 0x103a9c588>}
updatedObj: 2
rdOnlyObj: 1
updates: {'count': 1}
decision: permit

2016-12-05 22:06:14,535 - coord.Coord - OUTPUT - START RESULT received at  2  coordinator, which is resource coordinator: Req _ID: 2
Req ID: 270827359320362375413552776292367104959
Subject:
   Obj ID: 1
   Obj type: employee
Resource:
   Obj ID: 257
   Obj type: bank
action: read
ReadAttr Obj1: {'history': <common.Versions object at 0x103afde80>, 'type': <common.Versions object at 0x103afdba8>}
ReadAttr Obj2: {'name': <common.Versions object at 0x103afdc88>, 'count': <common.Versions object at 0x103afdcc0>, 'type': <common.Versions object at 0x103afdcf8>}
updatedObj: 2
rdOnlyObj: 1
updates: {'count': 1}
decision: permit

2016-12-05 22:06:14,535 - coord.Coord - OUTPUT - CACHE CONTENT ON COORD  2  AFTER 2ND ARRIVAL (BEFORE WAIT) OF REQ WITH Req._ID: 2 Req.ts: 1480993574.497912 , OBJECT:257:ATTRIBUTE:name:VERSION: RTS:0,WTS:0,PMR:[176328459954101027870824927291237566735, 270827359320362375413552776292367104959],PMW:[]ATTRIBUTE:count:VERSION: RTS:0,WTS:0,PMR:[176328459954101027870824927291237566735, 270827359320362375413552776292367104959],PMW:[]ATTRIBUTE:type:VERSION: RTS:0,WTS:0,PMR:[176328459954101027870824927291237566735, 270827359320362375413552776292367104959],PMW:[]
2016-12-05 22:06:14,535 - coord.Coord - OUTPUT - In checkForConflict: %s Req _ID: 2
Req ID: 270827359320362375413552776292367104959
Subject:
   Obj ID: 1
   Obj type: employee
Resource:
   Obj ID: 257
   Obj type: bank
action: read
ReadAttr Obj1: {'history': <common.Versions object at 0x103afde80>, 'type': <common.Versions object at 0x103afdba8>}
ReadAttr Obj2: {'name': <common.Versions object at 0x103afdc88>, 'count': <common.Versions object at 0x103afdcc0>, 'type': <common.Versions object at 0x103afdcf8>}
updatedObj: 2
rdOnlyObj: 1
updates: {'count': 1}
decision: permit

2016-12-05 22:06:14,536 - coord.Coord - OUTPUT - Version: %s rts: 0
wts: 0
value: None
pendingMightRead: [176328459954101027870824927291237566735, 270827359320362375413552776292367104959]
pendingMightWrite: []

2016-12-05 22:06:16,523 - worker.Worker - DEBUG - __process_event: message was stolen by another thread.
2016-12-05 22:06:16,523 - worker.Worker - OUTPUT - EXIT WORKER Result after evaluating %s rule/s: %s 0 Req _ID: 1
Req ID: 176328459954101027870824927291237566735
Subject:
   Obj ID: 2
   Obj type: employee
Resource:
   Obj ID: 257
   Obj type: bank
action: read
ReadAttr Obj1: {'history': <common.Versions object at 0x103a92080>, 'type': <common.Versions object at 0x103a9e748>}
ReadAttr Obj2: {'name': <common.Versions object at 0x103a920f0>, 'type': <common.Versions object at 0x103a92ba8>}
updatedObj: 1
rdOnlyObj: 2
updates: {'history': 'BankA'}
decision: permit

2016-12-05 22:06:16,526 - coord.Coord - OUTPUT - START RESULT received at  1  coordinator, which is subject coordinator: Req _ID: 1
Req ID: 176328459954101027870824927291237566735
Subject:
   Obj ID: 2
   Obj type: employee
Resource:
   Obj ID: 257
   Obj type: bank
action: read
ReadAttr Obj1: {'history': <common.Versions object at 0x103a8b710>, 'type': <common.Versions object at 0x103a8b9b0>}
ReadAttr Obj2: {'name': <common.Versions object at 0x103a8b6a0>, 'type': <common.Versions object at 0x103a8b828>}
updatedObj: 1
rdOnlyObj: 2
updates: {'history': 'BankA'}
decision: permit

2016-12-05 22:06:16,528 - coord.Coord - OUTPUT - CACHE CONTENT ON COORD  1  AFTER 2ND ARRIVAL (BEFORE WAIT) OF REQ WITH Req._ID: 1 Req.ts: 1480993574.495205 , OBJECT:2:ATTRIBUTE:history:VERSION: RTS:0,WTS:0,PMR:[176328459954101027870824927291237566735],PMW:[]ATTRIBUTE:type:VERSION: RTS:0,WTS:0,PMR:[176328459954101027870824927291237566735],PMW:[]
2016-12-05 22:06:16,529 - coord.Coord - OUTPUT - In checkForConflict: %s Req _ID: 1
Req ID: 176328459954101027870824927291237566735
Subject:
   Obj ID: 2
   Obj type: employee
Resource:
   Obj ID: 257
   Obj type: bank
action: read
ReadAttr Obj1: {'history': <common.Versions object at 0x103a8b710>, 'type': <common.Versions object at 0x103a8b9b0>}
ReadAttr Obj2: {'name': <common.Versions object at 0x103a8b6a0>, 'type': <common.Versions object at 0x103a8b828>}
updatedObj: 1
rdOnlyObj: 2
updates: {'history': 'BankA'}
decision: permit

2016-12-05 22:06:16,529 - coord.Coord - OUTPUT - Version: %s rts: 0
wts: 0
value: None
pendingMightRead: [176328459954101027870824927291237566735]
pendingMightWrite: []

2016-12-05 22:06:16,530 - coord.Coord - OUTPUT - In checkForConflict: %s Req _ID: 1
Req ID: 176328459954101027870824927291237566735
Subject:
   Obj ID: 2
   Obj type: employee
Resource:
   Obj ID: 257
   Obj type: bank
action: read
ReadAttr Obj1: {'history': <common.Versions object at 0x103a8b710>, 'type': <common.Versions object at 0x103a8b9b0>}
ReadAttr Obj2: {'name': <common.Versions object at 0x103a8b6a0>, 'type': <common.Versions object at 0x103a8b828>}
updatedObj: 1
rdOnlyObj: 2
updates: {'history': 'BankA'}
decision: permit

2016-12-05 22:06:16,530 - coord.Coord - OUTPUT - Version: %s rts: 0
wts: 0
value: None
pendingMightRead: [176328459954101027870824927291237566735]
pendingMightWrite: [176328459954101027870824927291237566735]

2016-12-05 22:06:16,531 - coord.Coord - OUTPUT - CACHE CONTENT ON COORD  1  AFTER 2ND ARRIVAL (AFTER WAIT) OF REQ WITH Req._ID: 1 Req.ts: 1480993574.495205 , OBJECT:2:ATTRIBUTE:history:VERSION: RTS:0,WTS:0,PMR:[176328459954101027870824927291237566735],PMW:[176328459954101027870824927291237566735]ATTRIBUTE:type:VERSION: RTS:0,WTS:0,PMR:[176328459954101027870824927291237566735],PMW:[]
2016-12-05 22:06:16,532 - coord.Coord - OUTPUT - Updating to CACHE in Result version: %s rts: 1480993574.495205
wts: 1480993574.495205
value: BankA
pendingMightRead: []
pendingMightWrite: []

2016-12-05 22:06:16,533 - coord.Coord - OUTPUT - No conflict:  rts: 0
wts: 0
value: None
pendingMightRead: [176328459954101027870824927291237566735]
pendingMightWrite: [176328459954101027870824927291237566735]

2016-12-05 22:06:16,533 - coord.Coord - OUTPUT - No conflict:  rts: 0
wts: 0
value: None
pendingMightRead: [176328459954101027870824927291237566735]
pendingMightWrite: []

2016-12-05 22:06:16,534 - coord.Coord - OUTPUT - REQ EVALUATION COMPLETED,SENDING RESPONSE TO CLIENT Req._ID: 1 Req.ts: 1480993574.495205 , OBJECT:2:ATTRIBUTE:history:VERSION: RTS:1480993574.495205,WTS:0,PMR:[],PMW:[176328459954101027870824927291237566735]VERSION: RTS:1480993574.495205,WTS:1480993574.495205,PMR:[],PMW:[]ATTRIBUTE:type:VERSION: RTS:1480993574.495205,WTS:0,PMR:[],PMW:[]
2016-12-05 22:06:16,538 - coord.Coord - OUTPUT - EXIT RESULT received at  1  coordinator, which is subject coordinator: Req _ID: 1
Req ID: 176328459954101027870824927291237566735
Subject:
   Obj ID: 2
   Obj type: employee
Resource:
   Obj ID: 257
   Obj type: bank
action: read
ReadAttr Obj1: {'history': <common.Versions object at 0x103a8b710>, 'type': <common.Versions object at 0x103a8b9b0>}
ReadAttr Obj2: {'name': <common.Versions object at 0x103a8b6a0>, 'type': <common.Versions object at 0x103a8b828>}
updatedObj: 1
rdOnlyObj: 2
updates: {'history': 'BankA'}
decision: permit

2016-12-05 22:06:16,538 - master.Client - OUTPUT - RESPONSE received by Client: %s Req _ID: 1
Req ID: 176328459954101027870824927291237566735
Subject:
   Obj ID: 2
   Obj type: employee
Resource:
   Obj ID: 257
   Obj type: bank
action: read
ReadAttr Obj1: {'history': <common.Versions object at 0x103ae0cc0>, 'type': <common.Versions object at 0x103ae0ba8>}
ReadAttr Obj2: {'name': <common.Versions object at 0x103ae0a20>, 'type': <common.Versions object at 0x103ae0b38>}
updatedObj: 1
rdOnlyObj: 2
updates: {'history': 'BankA'}
decision: permit

2016-12-05 22:06:16,540 - coord.Coord - OUTPUT - START READATTR request for object:  2 , Request:  Req _ID: 1
Req ID: 176328459954101027870824927291237566735
Subject:
   Obj ID: 2
   Obj type: employee
Resource:
   Obj ID: 257
   Obj type: bank
action: read
ReadAttr Obj1: {'history': <common.Versions object at 0x103a92080>, 'type': <common.Versions object at 0x103a92320>}
ReadAttr Obj2: {'name': <common.Versions object at 0x103a98dd8>, 'type': <common.Versions object at 0x103a985f8>}
updatedObj: 1
rdOnlyObj: 2
updates: {'history': 'BankA'}
decision: permit

2016-12-05 22:06:16,540 - coord.Coord - OUTPUT - START READATTR request for object:  1 , Request:  Req _ID: 1
Req ID: 176328459954101027870824927291237566735
Subject:
   Obj ID: 2
   Obj type: employee
Resource:
   Obj ID: 257
   Obj type: bank
action: read
ReadAttr Obj1: {'history': <common.Versions object at 0x103a8ba58>, 'type': <common.Versions object at 0x103a8bc50>}
ReadAttr Obj2: {'name': <common.Versions object at 0x103a8bd68>, 'type': <common.Versions object at 0x103a8bf98>}
updatedObj: 1
rdOnlyObj: 2
updates: {'history': 'BankA'}
decision: permit

2016-12-05 22:06:16,541 - coord.Coord - OUTPUT - ReadAttr mightRead :%s rts: 0
wts: 0
value: None
pendingMightRead: [176328459954101027870824927291237566735, 270827359320362375413552776292367104959]
pendingMightWrite: []

2016-12-05 22:06:16,541 - coord.Coord - OUTPUT - BEFORE UPDATION: [<common.Versions object at 0x103a92da0>]
2016-12-05 22:06:16,541 - coord.Coord - OUTPUT - BEFORE UPDATION: [<common.Versions object at 0x103a8b7f0>, <common.Versions object at 0x103a8b898>]
2016-12-05 22:06:16,542 - coord.Coord - OUTPUT - ReadAttr mightRead :%s rts: 0
wts: 0
value: None
pendingMightRead: [176328459954101027870824927291237566735, 270827359320362375413552776292367104959]
pendingMightWrite: [270827359320362375413552776292367104959]

2016-12-05 22:06:16,542 - coord.Coord - OUTPUT - BEFORE UPDATION: [<common.Versions object at 0x103a8b6d8>]
2016-12-05 22:06:16,542 - coord.Coord - OUTPUT - ReadAttr mightWrite :%s rts: 1480993574.495205
wts: 0
value: None
pendingMightRead: []
pendingMightWrite: [176328459954101027870824927291237566735]

2016-12-05 22:06:16,542 - coord.Coord - OUTPUT - ReadAttr mightRead :%s rts: 0
wts: 0
value: None
pendingMightRead: [176328459954101027870824927291237566735, 270827359320362375413552776292367104959]
pendingMightWrite: []

2016-12-05 22:06:16,543 - coord.Coord - OUTPUT - BEFORE UPDATION: [<common.Versions object at 0x103afde48>]
2016-12-05 22:06:16,543 - coord.Coord - OUTPUT - COORDINATOR CLEANING UP CHANGES on COORD  1  MADE BY COMPLETED REQ WITH Req._ID: 1 Req.ts: 1480993574.495205 , OBJECT:2:ATTRIBUTE:history:VERSION: RTS:1480993574.495205,WTS:0,PMR:[],PMW:[]VERSION: RTS:1480993574.495205,WTS:1480993574.495205,PMR:[],PMW:[]ATTRIBUTE:type:VERSION: RTS:1480993574.495205,WTS:0,PMR:[],PMW:[]
2016-12-05 22:06:16,544 - coord.Coord - OUTPUT - COORDINATOR CLEANING UP CHANGES on COORD  2  MADE BY COMPLETED REQ WITH Req._ID: 1 Req.ts: 1480993574.495205 , OBJECT:257:ATTRIBUTE:name:VERSION: RTS:1480993574.495205,WTS:0,PMR:[270827359320362375413552776292367104959],PMW:[]ATTRIBUTE:count:VERSION: RTS:0,WTS:0,PMR:[270827359320362375413552776292367104959],PMW:[270827359320362375413552776292367104959]ATTRIBUTE:type:VERSION: RTS:1480993574.495205,WTS:0,PMR:[270827359320362375413552776292367104959],PMW:[]
2016-12-05 22:06:16,544 - coord.Coord - OUTPUT - EXIT READATTR request for object:  1 , Request:  Req _ID: 1
Req ID: 176328459954101027870824927291237566735
Subject:
   Obj ID: 2
   Obj type: employee
Resource:
   Obj ID: 257
   Obj type: bank
action: read
ReadAttr Obj1: {'history': <common.Versions object at 0x103a8ba58>, 'type': <common.Versions object at 0x103a8bc50>}
ReadAttr Obj2: {'name': <common.Versions object at 0x103a8bd68>, 'type': <common.Versions object at 0x103a8bf98>}
updatedObj: 1
rdOnlyObj: 2
updates: {'history': 'BankA'}
decision: permit

2016-12-05 22:06:16,544 - coord.Coord - OUTPUT - EXIT READATTR request for object:  2 , Request:  Req _ID: 1
Req ID: 176328459954101027870824927291237566735
Subject:
   Obj ID: 2
   Obj type: employee
Resource:
   Obj ID: 257
   Obj type: bank
action: read
ReadAttr Obj1: {'history': <common.Versions object at 0x103a92080>, 'type': <common.Versions object at 0x103a92320>}
ReadAttr Obj2: {'name': <common.Versions object at 0x103a98dd8>, 'type': <common.Versions object at 0x103a985f8>}
updatedObj: 1
rdOnlyObj: 2
updates: {'history': 'BankA'}
decision: permit

2016-12-05 22:06:16,545 - coord.Coord - OUTPUT - In checkForConflict: %s Req _ID: 2
Req ID: 270827359320362375413552776292367104959
Subject:
   Obj ID: 1
   Obj type: employee
Resource:
   Obj ID: 257
   Obj type: bank
action: read
ReadAttr Obj1: {'history': <common.Versions object at 0x103afde80>, 'type': <common.Versions object at 0x103afdba8>}
ReadAttr Obj2: {'name': <common.Versions object at 0x103afdc88>, 'count': <common.Versions object at 0x103afdcc0>, 'type': <common.Versions object at 0x103afdcf8>}
updatedObj: 2
rdOnlyObj: 1
updates: {'count': 1}
decision: permit

2016-12-05 22:06:16,545 - coord.Coord - OUTPUT - Version: %s rts: 0
wts: 0
value: None
pendingMightRead: [270827359320362375413552776292367104959]
pendingMightWrite: [270827359320362375413552776292367104959]

2016-12-05 22:06:16,546 - coord.Coord - OUTPUT - CACHE CONTENT ON COORD  2  AFTER 2ND ARRIVAL (AFTER WAIT) OF REQ WITH Req._ID: 2 Req.ts: 1480993574.497912 , OBJECT:257:ATTRIBUTE:name:VERSION: RTS:1480993574.495205,WTS:0,PMR:[270827359320362375413552776292367104959],PMW:[]ATTRIBUTE:count:VERSION: RTS:0,WTS:0,PMR:[270827359320362375413552776292367104959],PMW:[270827359320362375413552776292367104959]ATTRIBUTE:type:VERSION: RTS:1480993574.495205,WTS:0,PMR:[270827359320362375413552776292367104959],PMW:[]
2016-12-05 22:06:16,546 - coord.Coord - OUTPUT - Updating to CACHE in Result version: %s rts: 1480993574.497912
wts: 1480993574.497912
value: 1
pendingMightRead: []
pendingMightWrite: []

2016-12-05 22:06:16,547 - coord.Coord - OUTPUT - No conflict:  rts: 1480993574.495205
wts: 0
value: None
pendingMightRead: [270827359320362375413552776292367104959]
pendingMightWrite: []

2016-12-05 22:06:16,547 - coord.Coord - OUTPUT - No conflict:  rts: 0
wts: 0
value: None
pendingMightRead: [270827359320362375413552776292367104959]
pendingMightWrite: [270827359320362375413552776292367104959]

2016-12-05 22:06:16,548 - coord.Coord - OUTPUT - No conflict:  rts: 1480993574.495205
wts: 0
value: None
pendingMightRead: [270827359320362375413552776292367104959]
pendingMightWrite: []

2016-12-05 22:06:16,548 - coord.Coord - OUTPUT - REQ EVALUATION COMPLETED,SENDING RESPONSE TO CLIENT Req._ID: 2 Req.ts: 1480993574.497912 , OBJECT:257:ATTRIBUTE:name:VERSION: RTS:1480993574.497912,WTS:0,PMR:[],PMW:[]ATTRIBUTE:count:VERSION: RTS:1480993574.497912,WTS:0,PMR:[],PMW:[270827359320362375413552776292367104959]VERSION: RTS:1480993574.497912,WTS:1480993574.497912,PMR:[],PMW:[]ATTRIBUTE:type:VERSION: RTS:1480993574.497912,WTS:0,PMR:[],PMW:[]
2016-12-05 22:06:16,550 - master.Client - OUTPUT - RESPONSE received by Client: %s Req _ID: 2
Req ID: 270827359320362375413552776292367104959
Subject:
   Obj ID: 1
   Obj type: employee
Resource:
   Obj ID: 257
   Obj type: bank
action: read
ReadAttr Obj1: {'history': <common.Versions object at 0x103ae0438>, 'type': <common.Versions object at 0x103afc470>}
ReadAttr Obj2: {'name': <common.Versions object at 0x103afc400>, 'count': <common.Versions object at 0x103afc3c8>, 'type': <common.Versions object at 0x103afc390>}
updatedObj: 2
rdOnlyObj: 1
updates: {'count': 1}
decision: permit

2016-12-05 22:06:16,550 - coord.Coord - OUTPUT - EXIT RESULT received at  2  coordinator, which is resource coordinator: Req _ID: 2
Req ID: 270827359320362375413552776292367104959
Subject:
   Obj ID: 1
   Obj type: employee
Resource:
   Obj ID: 257
   Obj type: bank
action: read
ReadAttr Obj1: {'history': <common.Versions object at 0x103afde80>, 'type': <common.Versions object at 0x103afdba8>}
ReadAttr Obj2: {'name': <common.Versions object at 0x103afdc88>, 'count': <common.Versions object at 0x103afdcc0>, 'type': <common.Versions object at 0x103afdcf8>}
updatedObj: 2
rdOnlyObj: 1
updates: {'count': 1}
decision: permit

2016-12-05 22:06:16,551 - master.Client - OUTPUT - client exiting
2016-12-05 22:06:16,551 - coord.Coord - OUTPUT - START READATTR request for object:  1 , Request:  Req _ID: 2
Req ID: 270827359320362375413552776292367104959
Subject:
   Obj ID: 1
   Obj type: employee
Resource:
   Obj ID: 257
   Obj type: bank
action: read
ReadAttr Obj1: {'history': <common.Versions object at 0x103a92d68>, 'type': <common.Versions object at 0x103a92f98>}
ReadAttr Obj2: {'name': <common.Versions object at 0x103a92fd0>, 'count': <common.Versions object at 0x103a92e10>, 'type': <common.Versions object at 0x103a92da0>}
updatedObj: 2
rdOnlyObj: 1
updates: {'count': 1}
decision: permit

2016-12-05 22:06:16,551 - coord.Coord - OUTPUT - ReadAttr mightRead :%s rts: 0
wts: 0
value: None
pendingMightRead: [270827359320362375413552776292367104959]
pendingMightWrite: []

2016-12-05 22:06:16,552 - coord.Coord - OUTPUT - BEFORE UPDATION: [<common.Versions object at 0x103a92eb8>]
2016-12-05 22:06:16,552 - coord.Coord - OUTPUT - ReadAttr mightRead :%s rts: 0
wts: 0
value: None
pendingMightRead: [270827359320362375413552776292367104959]
pendingMightWrite: []

2016-12-05 22:06:16,552 - coord.Coord - OUTPUT - START READATTR request for object:  2 , Request:  Req _ID: 2
Req ID: 270827359320362375413552776292367104959
Subject:
   Obj ID: 1
   Obj type: employee
Resource:
   Obj ID: 257
   Obj type: bank
action: read
ReadAttr Obj1: {'history': <common.Versions object at 0x103afdc88>, 'type': <common.Versions object at 0x103afdba8>}
ReadAttr Obj2: {'name': <common.Versions object at 0x103afde80>, 'count': <common.Versions object at 0x103af1f60>, 'type': <common.Versions object at 0x103a92f28>}
updatedObj: 2
rdOnlyObj: 1
updates: {'count': 1}
decision: permit

2016-12-05 22:06:16,553 - coord.Coord - OUTPUT - BEFORE UPDATION: [<common.Versions object at 0x103a96160>]
2016-12-05 22:06:16,553 - coord.Coord - OUTPUT - BEFORE UPDATION: [<common.Versions object at 0x103a92da0>]
2016-12-05 22:06:16,554 - coord.Coord - OUTPUT - COORDINATOR CLEANING UP CHANGES on COORD  1  MADE BY COMPLETED REQ WITH Req._ID: 2 Req.ts: 1480993574.497912 , OBJECT:1:ATTRIBUTE:history:VERSION: RTS:1480993574.497912,WTS:0,PMR:[],PMW:[]ATTRIBUTE:type:VERSION: RTS:1480993574.497912,WTS:0,PMR:[],PMW:[]
2016-12-05 22:06:16,554 - coord.Coord - OUTPUT - BEFORE UPDATION: [<common.Versions object at 0x103a92240>, <common.Versions object at 0x103aecc88>]
2016-12-05 22:06:16,554 - coord.Coord - OUTPUT - EXIT READATTR request for object:  1 , Request:  Req _ID: 2
Req ID: 270827359320362375413552776292367104959
Subject:
   Obj ID: 1
   Obj type: employee
Resource:
   Obj ID: 257
   Obj type: bank
action: read
ReadAttr Obj1: {'history': <common.Versions object at 0x103a92d68>, 'type': <common.Versions object at 0x103a92f98>}
ReadAttr Obj2: {'name': <common.Versions object at 0x103a92fd0>, 'count': <common.Versions object at 0x103a92e10>, 'type': <common.Versions object at 0x103a92da0>}
updatedObj: 2
rdOnlyObj: 1
updates: {'count': 1}
decision: permit

2016-12-05 22:06:16,555 - worker.Worker - OUTPUT - Worker exiting...
2016-12-05 22:06:16,555 - worker.Worker - OUTPUT - Worker exiting...
2016-12-05 22:06:16,555 - coord.Coord - OUTPUT - Coordinator Exiting...
2016-12-05 22:06:16,559 - worker.Worker - OUTPUT - Worker exiting...
2016-12-05 22:06:16,559 - worker.Worker - OUTPUT - Worker exiting...
2016-12-05 22:06:16,561 - worker.Worker - OUTPUT - Worker exiting...
2016-12-05 22:06:16,554 - coord.Coord - OUTPUT - BEFORE UPDATION: [<common.Versions object at 0x103afde48>]
2016-12-05 22:06:16,563 - coord.Coord - OUTPUT - ReadAttr mightWrite :%s rts: 1480993574.497912
wts: 0
value: None
pendingMightRead: []
pendingMightWrite: [270827359320362375413552776292367104959]

2016-12-05 22:06:16,563 - coord.Coord - OUTPUT - COORDINATOR CLEANING UP CHANGES on COORD  2  MADE BY COMPLETED REQ WITH Req._ID: 2 Req.ts: 1480993574.497912 , OBJECT:257:ATTRIBUTE:name:VERSION: RTS:1480993574.497912,WTS:0,PMR:[],PMW:[]ATTRIBUTE:count:VERSION: RTS:1480993574.497912,WTS:0,PMR:[],PMW:[]VERSION: RTS:1480993574.497912,WTS:1480993574.497912,PMR:[],PMW:[]ATTRIBUTE:type:VERSION: RTS:1480993574.497912,WTS:0,PMR:[],PMW:[]
2016-12-05 22:06:16,564 - coord.Coord - OUTPUT - EXIT READATTR request for object:  2 , Request:  Req _ID: 2
Req ID: 270827359320362375413552776292367104959
Subject:
   Obj ID: 1
   Obj type: employee
Resource:
   Obj ID: 257
   Obj type: bank
action: read
ReadAttr Obj1: {'history': <common.Versions object at 0x103afdc88>, 'type': <common.Versions object at 0x103afdba8>}
ReadAttr Obj2: {'name': <common.Versions object at 0x103afde80>, 'count': <common.Versions object at 0x103af1f60>, 'type': <common.Versions object at 0x103a92f28>}
updatedObj: 2
rdOnlyObj: 1
updates: {'count': 1}
decision: permit

2016-12-05 22:06:16,564 - coord.Coord - OUTPUT - Coordinator Exiting...
2016-12-05 22:06:16,565 - coord.Coord - OUTPUT - Coordinator Exiting...
2016-12-05 22:06:16,568 - coord.Coord - OUTPUT - Coordinator Exiting...
2016-12-05 22:06:16,568 - coord.Coord - OUTPUT - Coordinator Exiting...
2016-12-05 22:06:16,572 - worker.Worker - OUTPUT - Worker exiting...
2016-12-05 22:06:16,572 - db.DB - OUTPUT - ----------------DATABASE CONTENT----------------
2016-12-05 22:06:16,572 - worker.Worker - OUTPUT - Worker exiting...
2016-12-05 22:06:16,575 - worker.Worker - OUTPUT - Worker exiting...
2016-12-05 22:06:16,575 - worker.Worker - OUTPUT - Worker exiting...
2016-12-05 22:06:16,573 - db.DB - OUTPUT - OBJECT 1:=ATTRIBUTE name:VERSION wts=1480993574.478096 value=Tom,ATTRIBUTE history:VERSION wts=1480993574.478096 value=BankA,ATTRIBUTE type:VERSION wts=1480993574.478096 value=employee,OBJECT 2:=ATTRIBUTE name:VERSION wts=1480993574.478096 value=Jack,ATTRIBUTE history:VERSION wts=1480993574.478096 value=,VERSION wts=1480993574.495205 value=BankA,ATTRIBUTE type:VERSION wts=1480993574.478096 value=employee,OBJECT 3:=ATTRIBUTE name:VERSION wts=1480993574.478096 value=Sahil,ATTRIBUTE history:VERSION wts=1480993574.478096 value=BankB,ATTRIBUTE type:VERSION wts=1480993574.478096 value=employee,OBJECT 258:=ATTRIBUTE name:VERSION wts=1480993574.478096 value=BankB,ATTRIBUTE count:VERSION wts=1480993574.478096 value=1,ATTRIBUTE type:VERSION wts=1480993574.478096 value=bank,OBJECT 257:=ATTRIBUTE name:VERSION wts=1480993574.478096 value=BankA,ATTRIBUTE count:VERSION wts=1480993574.478096 value=0,VERSION wts=1480993574.497912 value=1,ATTRIBUTE type:VERSION wts=1480993574.478096 value=bank,
2016-12-05 22:06:16,577 - db.DB - OUTPUT - ------------------------------------------------
2016-12-05 22:06:16,578 - db.DB - OUTPUT - Database process exiting...
2016-12-05 22:06:16,573 - worker.Worker - OUTPUT - Worker exiting...
2016-12-05 22:06:16,574 - worker.Worker - OUTPUT - Worker exiting...
2016-12-05 22:06:16,574 - coord.Coord - OUTPUT - Coordinator Exiting...
2016-12-05 22:06:16,580 - worker.Worker - OUTPUT - Worker exiting...
